<?xml version="1.0" encoding="UTF-8"?>
<robot generator="Robot 7.2.2 (Python 3.11.13 on linux)" generated="2025-07-16T17:59:08.347062" rpa="false" schemaversion="5">
<suite id="s1" name="Tests" source="/app/robot-framework-automation/tests">
<suite id="s1-s1" name="Wifi" source="/app/robot-framework-automation/tests/wifi">
<suite id="s1-s1-s1" name="Wifi Lan Rpi" source="/app/robot-framework-automation/tests/wifi/wifi_lan_rpi.robot">
<kw name="Initialize Custom Log File" owner="common_keywords" type="SETUP">
<kw name="Get Current Date" owner="common_keywords">
<kw name="Evaluate" owner="BuiltIn">
<msg time="2025-07-16T17:59:08.602969" level="INFO">${now} = 20250716_175908</msg>
<var>${now}</var>
<arg>__import__('datetime').datetime.now().strftime('${result_format}')</arg>
<arg>modules=datetime</arg>
<doc>Evaluates the given expression in Python and returns the result.</doc>
<status status="PASS" start="2025-07-16T17:59:08.602662" elapsed="0.000349"/>
</kw>
<return>
<value>${now}</value>
<status status="PASS" start="2025-07-16T17:59:08.603172" elapsed="0.000168"/>
</return>
<msg time="2025-07-16T17:59:08.603551" level="INFO">${timestamp} = 20250716_175908</msg>
<var>${timestamp}</var>
<arg>%Y%m%d_%H%M%S</arg>
<status status="PASS" start="2025-07-16T17:59:08.601934" elapsed="0.001645"/>
</kw>
<kw name="Set Variable" owner="BuiltIn">
<msg time="2025-07-16T17:59:08.604142" level="INFO">${log_file} = /app/robot-framework-automation/tests/wifi/../../logs/custom_log_20250716_175908.log</msg>
<var>${log_file}</var>
<arg>${LOG_FOLDER}/custom_log_${timestamp}.log</arg>
<doc>Returns the given values which can then be assigned to a variables.</doc>
<status status="PASS" start="2025-07-16T17:59:08.603858" elapsed="0.000311"/>
</kw>
<kw name="Set Suite Variable" owner="BuiltIn">
<msg time="2025-07-16T17:59:08.604657" level="INFO">${LOG_FILE} = /app/robot-framework-automation/tests/wifi/../../logs/custom_log_20250716_175908.log</msg>
<arg>${LOG_FILE}</arg>
<arg>${log_file}</arg>
<doc>Makes a variable available everywhere within the scope of the current suite.</doc>
<status status="PASS" start="2025-07-16T17:59:08.604417" elapsed="0.000283"/>
</kw>
<status status="PASS" start="2025-07-16T17:59:08.601692" elapsed="0.003069"/>
</kw>
<test id="s1-s1-s1-t1" name="WiFi LAN RPi Performance Test via OpenWRT" line="20">
<kw name="Load Json From File" owner="JSONLibrary">
<msg time="2025-07-16T17:59:08.605448" level="INFO">${config} = {'devices': {'RPI1': {'ip': '192.168.201.38', 'user': 'rpi', 'password': 'rpi'}, 'RPI2': {'ip': '192.168.201.41', 'user': 'pi', 'password': 'spanidea'}, 'openwrt': {'ip': '192.168.201.32', 'user': 'ro...</msg>
<var>${config}</var>
<arg>${CONFIG_FILE}</arg>
<doc>Load JSON from file.</doc>
<status status="PASS" start="2025-07-16T17:59:08.605182" elapsed="0.000289"/>
</kw>
<kw name="Get From Dictionary" owner="Collections">
<msg time="2025-07-16T17:59:08.605704" level="INFO">${devices} = {'RPI1': {'ip': '192.168.201.38', 'user': 'rpi', 'password': 'rpi'}, 'RPI2': {'ip': '192.168.201.41', 'user': 'pi', 'password': 'spanidea'}, 'openwrt': {'ip': '192.168.201.32', 'user': 'root', 'passwo...</msg>
<var>${devices}</var>
<arg>${config}</arg>
<arg>devices</arg>
<doc>Returns a value from the given ``dictionary`` based on the given ``key``.</doc>
<status status="PASS" start="2025-07-16T17:59:08.605570" elapsed="0.000153"/>
</kw>
<kw name="Get From Dictionary" owner="Collections">
<msg time="2025-07-16T17:59:08.605908" level="INFO">${OPENWRT} = {'ip': '192.168.201.32', 'user': 'root', 'password': 'root'}</msg>
<var>${OPENWRT}</var>
<arg>${devices}</arg>
<arg>openwrt</arg>
<doc>Returns a value from the given ``dictionary`` based on the given ``key``.</doc>
<status status="PASS" start="2025-07-16T17:59:08.605808" elapsed="0.000117"/>
</kw>
<kw name="Get From Dictionary" owner="Collections">
<msg time="2025-07-16T17:59:08.606090" level="INFO">${RPI1} = {'ip': '192.168.201.38', 'user': 'rpi', 'password': 'rpi'}</msg>
<var>${RPI1}</var>
<arg>${devices}</arg>
<arg>RPI1</arg>
<doc>Returns a value from the given ``dictionary`` based on the given ``key``.</doc>
<status status="PASS" start="2025-07-16T17:59:08.605996" elapsed="0.000110"/>
</kw>
<kw name="Get From Dictionary" owner="Collections">
<msg time="2025-07-16T17:59:08.606273" level="INFO">${RPI2} = {'ip': '192.168.201.41', 'user': 'pi', 'password': 'spanidea'}</msg>
<var>${RPI2}</var>
<arg>${devices}</arg>
<arg>RPI2</arg>
<doc>Returns a value from the given ``dictionary`` based on the given ``key``.</doc>
<status status="PASS" start="2025-07-16T17:59:08.606179" elapsed="0.000110"/>
</kw>
<kw name="Get From Dictionary" owner="Collections">
<msg time="2025-07-16T17:59:08.606442" level="INFO">${SSID} = OpenWrt-Naresh</msg>
<var>${SSID}</var>
<arg>${config}</arg>
<arg>SSID</arg>
<doc>Returns a value from the given ``dictionary`` based on the given ``key``.</doc>
<status status="PASS" start="2025-07-16T17:59:08.606356" elapsed="0.000101"/>
</kw>
<kw name="Get From Dictionary" owner="Collections">
<msg time="2025-07-16T17:59:08.606610" level="INFO">${PSK} = 1234567890</msg>
<var>${PSK}</var>
<arg>${config}</arg>
<arg>PSK</arg>
<doc>Returns a value from the given ``dictionary`` based on the given ``key``.</doc>
<status status="PASS" start="2025-07-16T17:59:08.606524" elapsed="0.000101"/>
</kw>
<kw name="Get From Dictionary" owner="Collections">
<msg time="2025-07-16T17:59:08.606937" level="INFO">${ENCRYPTION} = wpa2</msg>
<var>${ENCRYPTION}</var>
<arg>${config}</arg>
<arg>encryption</arg>
<doc>Returns a value from the given ``dictionary`` based on the given ``key``.</doc>
<status status="PASS" start="2025-07-16T17:59:08.606686" elapsed="0.000271"/>
</kw>
<kw name="Log Message To Custom File" owner="common_keywords">
<kw name="Get Current Date" owner="common_keywords">
<kw name="Evaluate" owner="BuiltIn">
<msg time="2025-07-16T17:59:08.607545" level="INFO">${now} = 2025-07-16 17:59:08</msg>
<var>${now}</var>
<arg>__import__('datetime').datetime.now().strftime('${result_format}')</arg>
<arg>modules=datetime</arg>
<doc>Evaluates the given expression in Python and returns the result.</doc>
<status status="PASS" start="2025-07-16T17:59:08.607370" elapsed="0.000191"/>
</kw>
<return>
<value>${now}</value>
<status status="PASS" start="2025-07-16T17:59:08.607597" elapsed="0.000033"/>
</return>
<msg time="2025-07-16T17:59:08.607703" level="INFO">${timestamp} = 2025-07-16 17:59:08</msg>
<var>${timestamp}</var>
<arg>%Y-%m-%d %H:%M:%S</arg>
<status status="PASS" start="2025-07-16T17:59:08.607240" elapsed="0.000481"/>
</kw>
<kw name="Append To File" owner="OperatingSystem">
<msg time="2025-07-16T17:59:08.608021" level="INFO" html="true">Appended to file '&lt;a href="file:///app/robot-framework-automation/logs/custom_log_20250716_175908.log"&gt;/app/robot-framework-automation/logs/custom_log_20250716_175908.log&lt;/a&gt;'.</msg>
<arg>${LOG_FILE}</arg>
<arg>[INFO][${timestamp}] ${message}\n</arg>
<doc>Appends the given content to the specified file.</doc>
<status status="PASS" start="2025-07-16T17:59:08.607786" elapsed="0.000278"/>
</kw>
<arg>==== Starting WiFi LAN RPi Performance Test ====</arg>
<status status="PASS" start="2025-07-16T17:59:08.607062" elapsed="0.001050"/>
</kw>
<kw name="Log Message To Custom File" owner="common_keywords">
<kw name="Get Current Date" owner="common_keywords">
<kw name="Evaluate" owner="BuiltIn">
<msg time="2025-07-16T17:59:08.608991" level="INFO">${now} = 2025-07-16 17:59:08</msg>
<var>${now}</var>
<arg>__import__('datetime').datetime.now().strftime('${result_format}')</arg>
<arg>modules=datetime</arg>
<doc>Evaluates the given expression in Python and returns the result.</doc>
<status status="PASS" start="2025-07-16T17:59:08.608830" elapsed="0.000178"/>
</kw>
<return>
<value>${now}</value>
<status status="PASS" start="2025-07-16T17:59:08.609043" elapsed="0.000029"/>
</return>
<msg time="2025-07-16T17:59:08.609141" level="INFO">${timestamp} = 2025-07-16 17:59:08</msg>
<var>${timestamp}</var>
<arg>%Y-%m-%d %H:%M:%S</arg>
<status status="PASS" start="2025-07-16T17:59:08.608688" elapsed="0.000468"/>
</kw>
<kw name="Append To File" owner="OperatingSystem">
<msg time="2025-07-16T17:59:08.609367" level="INFO" html="true">Appended to file '&lt;a href="file:///app/robot-framework-automation/logs/custom_log_20250716_175908.log"&gt;/app/robot-framework-automation/logs/custom_log_20250716_175908.log&lt;/a&gt;'.</msg>
<arg>${LOG_FILE}</arg>
<arg>[INFO][${timestamp}] ${message}\n</arg>
<doc>Appends the given content to the specified file.</doc>
<status status="PASS" start="2025-07-16T17:59:08.609220" elapsed="0.000221"/>
</kw>
<arg>Connecting to OpenWRT: ${OPENWRT['ip']}</arg>
<status status="PASS" start="2025-07-16T17:59:08.608205" elapsed="0.001281"/>
</kw>
<kw name="Open Connection" owner="SSHLibrary">
<arg>${OPENWRT['ip']}</arg>
<doc>Opens a new SSH connection to the given ``host`` and ``port``.</doc>
<status status="PASS" start="2025-07-16T17:59:08.609569" elapsed="0.000347"/>
</kw>
<kw name="Login" owner="SSHLibrary">
<msg time="2025-07-16T17:59:08.610431" level="INFO">Logging into '192.168.201.32:22' as 'root'.</msg>
<msg time="2025-07-16T17:59:11.616672" level="FAIL">TimeoutError: timed out</msg>
<arg>${OPENWRT['user']}</arg>
<arg>${OPENWRT['password']}</arg>
<doc>Logs into the SSH server with the given ``username`` and ``password``.</doc>
<status status="FAIL" start="2025-07-16T17:59:08.609992" elapsed="3.012614">TimeoutError: timed out</status>
</kw>
<kw name="Log Message To Custom File" owner="common_keywords">
<arg>SSH connected to OpenWRT</arg>
<status status="NOT RUN" start="2025-07-16T17:59:11.623042" elapsed="0.000082"/>
</kw>
<kw name="Configure OpenWRT Wireless" owner="wifi_lan">
<arg>${OPENWRT['ip']}</arg>
<arg>${SSID}</arg>
<arg>${PSK}</arg>
<status status="NOT RUN" start="2025-07-16T17:59:11.623356" elapsed="0.000056"/>
</kw>
<kw name="Close Connection" owner="SSHLibrary">
<doc>Closes the current connection.</doc>
<status status="NOT RUN" start="2025-07-16T17:59:11.623626" elapsed="0.000050"/>
</kw>
<kw name="Log Message To Custom File" owner="common_keywords">
<arg>Configured WiFi on OpenWRT with SSID ${SSID}</arg>
<status status="NOT RUN" start="2025-07-16T17:59:11.623919" elapsed="0.000059"/>
</kw>
<kw name="Log Message To Custom File" owner="common_keywords">
<arg>Configuring WiFi on RPi1 (${RPI1['ip']})</arg>
<status status="NOT RUN" start="2025-07-16T17:59:11.624182" elapsed="0.000051"/>
</kw>
<kw name="Configure Rpi Static Ip And Wpa" owner="wifi_lan">
<arg>${RPI1['ip']}</arg>
<arg>${RPI1['user']}</arg>
<arg>${RPI1['password']}</arg>
<arg>${RPI1['ip']}</arg>
<arg>${SSID}</arg>
<arg>${PSK}</arg>
<arg>${ENCRYPTION}</arg>
<status status="NOT RUN" start="2025-07-16T17:59:11.624453" elapsed="0.000049"/>
</kw>
<kw name="Log Message To Custom File" owner="common_keywords">
<arg>Configured WiFi on RPi1</arg>
<status status="NOT RUN" start="2025-07-16T17:59:11.624716" elapsed="0.000052"/>
</kw>
<kw name="Log Message To Custom File" owner="common_keywords">
<arg>Configuring WiFi on RPi2 (${RPI2['ip']})</arg>
<status status="NOT RUN" start="2025-07-16T17:59:11.624955" elapsed="0.000051"/>
</kw>
<kw name="Configure Rpi Static Ip And Wpa" owner="wifi_lan">
<arg>${RPI2['ip']}</arg>
<arg>${RPI2['user']}</arg>
<arg>${RPI2['password']}</arg>
<arg>${RPI2['ip']}</arg>
<arg>${SSID}</arg>
<arg>${PSK}</arg>
<arg>${ENCRYPTION}</arg>
<status status="NOT RUN" start="2025-07-16T17:59:11.625190" elapsed="0.000045"/>
</kw>
<kw name="Log Message To Custom File" owner="common_keywords">
<arg>Configured WiFi on RPi2</arg>
<status status="NOT RUN" start="2025-07-16T17:59:11.625447" elapsed="0.000052"/>
</kw>
<kw name="Sleep" owner="BuiltIn">
<arg>15s</arg>
<doc>Pauses the test executed for the given time.</doc>
<status status="NOT RUN" start="2025-07-16T17:59:11.625689" elapsed="0.000048"/>
</kw>
<kw name="Log Message To Custom File" owner="common_keywords">
<arg>Waited 15s for WiFi to stabilize</arg>
<status status="NOT RUN" start="2025-07-16T17:59:11.625929" elapsed="0.000050"/>
</kw>
<kw name="Ensure Iperf3 Installed" owner="wifi_lan">
<arg>${RPI1['ip']}</arg>
<arg>${RPI1['user']}</arg>
<arg>${RPI1['password']}</arg>
<status status="NOT RUN" start="2025-07-16T17:59:11.626148" elapsed="0.000047"/>
</kw>
<kw name="Ensure Iperf3 Installed" owner="wifi_lan">
<arg>${RPI2['ip']}</arg>
<arg>${RPI2['user']}</arg>
<arg>${RPI2['password']}</arg>
<status status="NOT RUN" start="2025-07-16T17:59:11.626365" elapsed="0.000045"/>
</kw>
<kw name="Log Message To Custom File" owner="common_keywords">
<arg>iperf3 installed on both RPis</arg>
<status status="NOT RUN" start="2025-07-16T17:59:11.626605" elapsed="0.000052"/>
</kw>
<kw name="Log Message To Custom File" owner="common_keywords">
<arg>Capturing baseline system stats from OpenWRT</arg>
<status status="NOT RUN" start="2025-07-16T17:59:11.626846" elapsed="0.000076"/>
</kw>
<kw name="Capture Baseline System Stats" owner="wifi_lan">
<arg>${OPENWRT['ip']}</arg>
<arg>${OPENWRT['user']}</arg>
<arg>${OPENWRT['password']}</arg>
<status status="NOT RUN" start="2025-07-16T17:59:11.627159" elapsed="0.000053"/>
</kw>
<kw name="Log Message To Custom File" owner="common_keywords">
<arg>Starting iperf3 servers</arg>
<status status="NOT RUN" start="2025-07-16T17:59:11.627420" elapsed="0.000051"/>
</kw>
<kw name="Start Iperf Server" owner="wifi_lan">
<arg>${RPI1['ip']}</arg>
<arg>${RPI1['user']}</arg>
<arg>${RPI1['password']}</arg>
<arg>5201</arg>
<status status="NOT RUN" start="2025-07-16T17:59:11.627638" elapsed="0.000587"/>
</kw>
<kw name="Start Iperf Server" owner="wifi_lan">
<arg>${RPI2['ip']}</arg>
<arg>${RPI2['user']}</arg>
<arg>${RPI2['password']}</arg>
<arg>5202</arg>
<status status="NOT RUN" start="2025-07-16T17:59:11.628489" elapsed="0.000052"/>
</kw>
<kw name="Log Message To Custom File" owner="common_keywords">
<arg>iperf3 servers started</arg>
<status status="NOT RUN" start="2025-07-16T17:59:11.628790" elapsed="0.000076"/>
</kw>
<kw name="Log Message To Custom File" owner="common_keywords">
<arg>Starting resource monitoring on OpenWRT</arg>
<status status="NOT RUN" start="2025-07-16T17:59:11.629122" elapsed="0.000077"/>
</kw>
<kw name="Start Monitoring During Iperf" owner="wifi_lan">
<arg>${OPENWRT['ip']}</arg>
<arg>${OPENWRT['user']}</arg>
<arg>${OPENWRT['password']}</arg>
<status status="NOT RUN" start="2025-07-16T17:59:11.629409" elapsed="0.000048"/>
</kw>
<kw name="Log Message To Custom File" owner="common_keywords">
<arg>Starting bidirectional iperf3 clients</arg>
<status status="NOT RUN" start="2025-07-16T17:59:11.629663" elapsed="0.000052"/>
</kw>
<kw name="Start Iperf Client Parallel" owner="wifi_lan">
<arg>${RPI1['ip']}</arg>
<arg>${RPI1['user']}</arg>
<arg>${RPI1['password']}</arg>
<arg>${RPI2['ip']}</arg>
<arg>${DURATION}</arg>
<arg>${BANDWIDTH}</arg>
<arg>5202</arg>
<status status="NOT RUN" start="2025-07-16T17:59:11.629881" elapsed="0.000040"/>
</kw>
<kw name="Start Iperf Client Parallel" owner="wifi_lan">
<arg>${RPI2['ip']}</arg>
<arg>${RPI2['user']}</arg>
<arg>${RPI2['password']}</arg>
<arg>${RPI1['ip']}</arg>
<arg>${DURATION}</arg>
<arg>${BANDWIDTH}</arg>
<arg>5201</arg>
<status status="NOT RUN" start="2025-07-16T17:59:11.630097" elapsed="0.000043"/>
</kw>
<kw name="Wait For All Iperf Clients" owner="wifi_lan">
<status status="NOT RUN" start="2025-07-16T17:59:11.630306" elapsed="0.000038"/>
</kw>
<kw name="Log Message To Custom File" owner="common_keywords">
<arg>All iperf3 clients finished</arg>
<status status="NOT RUN" start="2025-07-16T17:59:11.630503" elapsed="0.000043"/>
</kw>
<kw name="Stop Monitoring" owner="wifi_lan">
<status status="NOT RUN" start="2025-07-16T17:59:11.630690" elapsed="0.000038"/>
</kw>
<kw name="Log Message To Custom File" owner="common_keywords">
<arg>Monitoring stopped</arg>
<status status="NOT RUN" start="2025-07-16T17:59:11.630884" elapsed="0.000043"/>
</kw>
<kw name="Log Message To Custom File" owner="common_keywords">
<arg>Capturing post-test system stats</arg>
<status status="NOT RUN" start="2025-07-16T17:59:11.631113" elapsed="0.000050"/>
</kw>
<kw name="Capture Post Test System Stats" owner="wifi_lan">
<arg>${OPENWRT['ip']}</arg>
<arg>${OPENWRT['user']}</arg>
<arg>${OPENWRT['password']}</arg>
<status status="NOT RUN" start="2025-07-16T17:59:11.631312" elapsed="0.000040"/>
</kw>
<kw name="Log Message To Custom File" owner="common_keywords">
<arg>==== Completed WiFi LAN RPi Performance Test ====</arg>
<status status="NOT RUN" start="2025-07-16T17:59:11.631522" elapsed="0.000044"/>
</kw>
<tag>BB-INT-WWAN-001</tag>
<status status="FAIL" start="2025-07-16T17:59:08.604819" elapsed="3.027117">TimeoutError: timed out</status>
</test>
<status status="FAIL" start="2025-07-16T17:59:08.381017" elapsed="3.251653"/>
</suite>
<status status="FAIL" start="2025-07-16T17:59:08.380084" elapsed="3.253367"/>
</suite>
<status status="FAIL" start="2025-07-16T17:59:08.347790" elapsed="3.286126"/>
</suite>
<statistics>
<total>
<stat pass="0" fail="1" skip="0">All Tests</stat>
</total>
<tag>
<stat pass="0" fail="1" skip="0">BB-INT-WWAN-001</stat>
</tag>
<suite>
<stat name="Tests" id="s1" pass="0" fail="1" skip="0">Tests</stat>
<stat name="Wifi" id="s1-s1" pass="0" fail="1" skip="0">Tests.Wifi</stat>
<stat name="Wifi Lan Rpi" id="s1-s1-s1" pass="0" fail="1" skip="0">Tests.Wifi.Wifi Lan Rpi</stat>
</suite>
</statistics>
<errors>
<msg time="2025-07-16T17:59:08.343575" level="WARN">Error in file '/app/robot-framework-automation/tests/ethernet/ethernet_bridging.robot' on line 85: The '[Return]' setting is deprecated. Use the 'RETURN' statement instead.</msg>
</errors>
</robot>
