<?xml version="1.0" encoding="UTF-8"?>
<robot generator="Robot 7.2.2 (Python 3.11.13 on linux)" generated="2025-07-16T18:06:41.028195" rpa="false" schemaversion="5">
<suite id="s1" name="Tests" source="/app/robot-framework-automation/tests">
<suite id="s1-s1" name="Wifi" source="/app/robot-framework-automation/tests/wifi">
<suite id="s1-s1-s1" name="Wifi Lan Rpi" source="/app/robot-framework-automation/tests/wifi/wifi_lan_rpi.robot">
<kw name="Initialize Custom Log File" owner="common_keywords" type="SETUP">
<kw name="Get Current Date" owner="common_keywords">
<kw name="Evaluate" owner="BuiltIn">
<msg time="2025-07-16T18:06:41.298368" level="INFO">${now} = 20250716_180641</msg>
<var>${now}</var>
<arg>__import__('datetime').datetime.now().strftime('${result_format}')</arg>
<arg>modules=datetime</arg>
<doc>Evaluates the given expression in Python and returns the result.</doc>
<status status="PASS" start="2025-07-16T18:06:41.298098" elapsed="0.000299"/>
</kw>
<return>
<value>${now}</value>
<status status="PASS" start="2025-07-16T18:06:41.298464" elapsed="0.000045"/>
</return>
<msg time="2025-07-16T18:06:41.298612" level="INFO">${timestamp} = 20250716_180641</msg>
<var>${timestamp}</var>
<arg>%Y%m%d_%H%M%S</arg>
<status status="PASS" start="2025-07-16T18:06:41.297470" elapsed="0.001162"/>
</kw>
<kw name="Set Variable" owner="BuiltIn">
<msg time="2025-07-16T18:06:41.298874" level="INFO">${log_file} = /app/robot-framework-automation/tests/wifi/../../logs/custom_log_20250716_180641.log</msg>
<var>${log_file}</var>
<arg>${LOG_FOLDER}/custom_log_${timestamp}.log</arg>
<doc>Returns the given values which can then be assigned to a variables.</doc>
<status status="PASS" start="2025-07-16T18:06:41.298733" elapsed="0.000161"/>
</kw>
<kw name="Set Suite Variable" owner="BuiltIn">
<msg time="2025-07-16T18:06:41.299130" level="INFO">${LOG_FILE} = /app/robot-framework-automation/tests/wifi/../../logs/custom_log_20250716_180641.log</msg>
<arg>${LOG_FILE}</arg>
<arg>${log_file}</arg>
<doc>Makes a variable available everywhere within the scope of the current suite.</doc>
<status status="PASS" start="2025-07-16T18:06:41.298991" elapsed="0.000169"/>
</kw>
<status status="PASS" start="2025-07-16T18:06:41.297251" elapsed="0.001959"/>
</kw>
<test id="s1-s1-s1-t1" name="WiFi LAN RPi Performance Test via OpenWRT" line="20">
<kw name="Load Json From File" owner="JSONLibrary">
<msg time="2025-07-16T18:06:41.299750" level="INFO">${config} = {'devices': {'RPI1': {'ip': '192.168.201.38', 'user': 'rpi', 'password': 'rpi'}, 'RPI2': {'ip': '192.168.201.41', 'user': 'pi', 'password': 'spanidea'}, 'openwrt': {'ip': '192.168.201.32', 'user': 'ro...</msg>
<var>${config}</var>
<arg>${CONFIG_FILE}</arg>
<doc>Load JSON from file.</doc>
<status status="PASS" start="2025-07-16T18:06:41.299538" elapsed="0.000233"/>
</kw>
<kw name="Get From Dictionary" owner="Collections">
<msg time="2025-07-16T18:06:41.299982" level="INFO">${devices} = {'RPI1': {'ip': '192.168.201.38', 'user': 'rpi', 'password': 'rpi'}, 'RPI2': {'ip': '192.168.201.41', 'user': 'pi', 'password': 'spanidea'}, 'openwrt': {'ip': '192.168.201.32', 'user': 'root', 'passwo...</msg>
<var>${devices}</var>
<arg>${config}</arg>
<arg>devices</arg>
<doc>Returns a value from the given ``dictionary`` based on the given ``key``.</doc>
<status status="PASS" start="2025-07-16T18:06:41.299861" elapsed="0.000143"/>
</kw>
<kw name="Get From Dictionary" owner="Collections">
<msg time="2025-07-16T18:06:41.300204" level="INFO">${OPENWRT} = {'ip': '192.168.201.32', 'user': 'root', 'password': 'root'}</msg>
<var>${OPENWRT}</var>
<arg>${devices}</arg>
<arg>openwrt</arg>
<doc>Returns a value from the given ``dictionary`` based on the given ``key``.</doc>
<status status="PASS" start="2025-07-16T18:06:41.300095" elapsed="0.000126"/>
</kw>
<kw name="Get From Dictionary" owner="Collections">
<msg time="2025-07-16T18:06:41.300419" level="INFO">${RPI1} = {'ip': '192.168.201.38', 'user': 'rpi', 'password': 'rpi'}</msg>
<var>${RPI1}</var>
<arg>${devices}</arg>
<arg>RPI1</arg>
<doc>Returns a value from the given ``dictionary`` based on the given ``key``.</doc>
<status status="PASS" start="2025-07-16T18:06:41.300310" elapsed="0.000127"/>
</kw>
<kw name="Get From Dictionary" owner="Collections">
<msg time="2025-07-16T18:06:41.300625" level="INFO">${RPI2} = {'ip': '192.168.201.41', 'user': 'pi', 'password': 'spanidea'}</msg>
<var>${RPI2}</var>
<arg>${devices}</arg>
<arg>RPI2</arg>
<doc>Returns a value from the given ``dictionary`` based on the given ``key``.</doc>
<status status="PASS" start="2025-07-16T18:06:41.300518" elapsed="0.000125"/>
</kw>
<kw name="Get From Dictionary" owner="Collections">
<msg time="2025-07-16T18:06:41.300819" level="INFO">${SSID} = OpenWrt-Naresh</msg>
<var>${SSID}</var>
<arg>${config}</arg>
<arg>SSID</arg>
<doc>Returns a value from the given ``dictionary`` based on the given ``key``.</doc>
<status status="PASS" start="2025-07-16T18:06:41.300715" elapsed="0.000123"/>
</kw>
<kw name="Get From Dictionary" owner="Collections">
<msg time="2025-07-16T18:06:41.301017" level="INFO">${PSK} = 1234567890</msg>
<var>${PSK}</var>
<arg>${config}</arg>
<arg>PSK</arg>
<doc>Returns a value from the given ``dictionary`` based on the given ``key``.</doc>
<status status="PASS" start="2025-07-16T18:06:41.300919" elapsed="0.000115"/>
</kw>
<kw name="Get From Dictionary" owner="Collections">
<msg time="2025-07-16T18:06:41.301307" level="INFO">${ENCRYPTION} = wpa2</msg>
<var>${ENCRYPTION}</var>
<arg>${config}</arg>
<arg>encryption</arg>
<doc>Returns a value from the given ``dictionary`` based on the given ``key``.</doc>
<status status="PASS" start="2025-07-16T18:06:41.301105" elapsed="0.000220"/>
</kw>
<kw name="Log Message To Custom File" owner="common_keywords">
<kw name="Get Current Date" owner="common_keywords">
<kw name="Evaluate" owner="BuiltIn">
<msg time="2025-07-16T18:06:41.301934" level="INFO">${now} = 2025-07-16 18:06:41</msg>
<var>${now}</var>
<arg>__import__('datetime').datetime.now().strftime('${result_format}')</arg>
<arg>modules=datetime</arg>
<doc>Evaluates the given expression in Python and returns the result.</doc>
<status status="PASS" start="2025-07-16T18:06:41.301757" elapsed="0.000195"/>
</kw>
<return>
<value>${now}</value>
<status status="PASS" start="2025-07-16T18:06:41.301991" elapsed="0.000033"/>
</return>
<msg time="2025-07-16T18:06:41.302163" level="INFO">${timestamp} = 2025-07-16 18:06:41</msg>
<var>${timestamp}</var>
<arg>%Y-%m-%d %H:%M:%S</arg>
<status status="PASS" start="2025-07-16T18:06:41.301611" elapsed="0.000569"/>
</kw>
<kw name="Append To File" owner="OperatingSystem">
<msg time="2025-07-16T18:06:41.302488" level="INFO" html="true">Appended to file '&lt;a href="file:///app/robot-framework-automation/logs/custom_log_20250716_180641.log"&gt;/app/robot-framework-automation/logs/custom_log_20250716_180641.log&lt;/a&gt;'.</msg>
<arg>${LOG_FILE}</arg>
<arg>[INFO][${timestamp}] ${message}\n</arg>
<doc>Appends the given content to the specified file.</doc>
<status status="PASS" start="2025-07-16T18:06:41.302254" elapsed="0.000278"/>
</kw>
<arg>==== Starting WiFi LAN RPi Performance Test ====</arg>
<status status="PASS" start="2025-07-16T18:06:41.301426" elapsed="0.001156"/>
</kw>
<kw name="Log Message To Custom File" owner="common_keywords">
<kw name="Get Current Date" owner="common_keywords">
<kw name="Evaluate" owner="BuiltIn">
<msg time="2025-07-16T18:06:41.303483" level="INFO">${now} = 2025-07-16 18:06:41</msg>
<var>${now}</var>
<arg>__import__('datetime').datetime.now().strftime('${result_format}')</arg>
<arg>modules=datetime</arg>
<doc>Evaluates the given expression in Python and returns the result.</doc>
<status status="PASS" start="2025-07-16T18:06:41.303311" elapsed="0.000191"/>
</kw>
<return>
<value>${now}</value>
<status status="PASS" start="2025-07-16T18:06:41.303541" elapsed="0.000032"/>
</return>
<msg time="2025-07-16T18:06:41.303649" level="INFO">${timestamp} = 2025-07-16 18:06:41</msg>
<var>${timestamp}</var>
<arg>%Y-%m-%d %H:%M:%S</arg>
<status status="PASS" start="2025-07-16T18:06:41.303153" elapsed="0.000513"/>
</kw>
<kw name="Append To File" owner="OperatingSystem">
<msg time="2025-07-16T18:06:41.303909" level="INFO" html="true">Appended to file '&lt;a href="file:///app/robot-framework-automation/logs/custom_log_20250716_180641.log"&gt;/app/robot-framework-automation/logs/custom_log_20250716_180641.log&lt;/a&gt;'.</msg>
<arg>${LOG_FILE}</arg>
<arg>[INFO][${timestamp}] ${message}\n</arg>
<doc>Appends the given content to the specified file.</doc>
<status status="PASS" start="2025-07-16T18:06:41.303738" elapsed="0.000250"/>
</kw>
<arg>Connecting to OpenWRT: ${OPENWRT['ip']}</arg>
<status status="PASS" start="2025-07-16T18:06:41.302676" elapsed="0.001373"/>
</kw>
<kw name="Open Connection" owner="SSHLibrary">
<arg>${OPENWRT['ip']}</arg>
<doc>Opens a new SSH connection to the given ``host`` and ``port``.</doc>
<status status="PASS" start="2025-07-16T18:06:41.304160" elapsed="0.000537"/>
</kw>
<kw name="Login" owner="SSHLibrary">
<msg time="2025-07-16T18:06:41.305468" level="INFO">Logging into '192.168.201.32:22' as 'root'.</msg>
<msg time="2025-07-16T18:06:44.312458" level="FAIL">TimeoutError: timed out</msg>
<arg>${OPENWRT['user']}</arg>
<arg>${OPENWRT['password']}</arg>
<doc>Logs into the SSH server with the given ``username`` and ``password``.</doc>
<status status="FAIL" start="2025-07-16T18:06:41.304807" elapsed="3.008622">TimeoutError: timed out</status>
</kw>
<kw name="Log Message To Custom File" owner="common_keywords">
<arg>SSH connected to OpenWRT</arg>
<status status="NOT RUN" start="2025-07-16T18:06:44.313621" elapsed="0.000032"/>
</kw>
<kw name="Configure OpenWRT Wireless" owner="wifi_lan">
<arg>${OPENWRT['ip']}</arg>
<arg>${SSID}</arg>
<arg>${PSK}</arg>
<status status="NOT RUN" start="2025-07-16T18:06:44.313743" elapsed="0.000019"/>
</kw>
<kw name="Close Connection" owner="SSHLibrary">
<doc>Closes the current connection.</doc>
<status status="NOT RUN" start="2025-07-16T18:06:44.313829" elapsed="0.000017"/>
</kw>
<kw name="Log Message To Custom File" owner="common_keywords">
<arg>Configured WiFi on OpenWRT with SSID ${SSID}</arg>
<status status="NOT RUN" start="2025-07-16T18:06:44.313920" elapsed="0.000018"/>
</kw>
<kw name="Log Message To Custom File" owner="common_keywords">
<arg>Configuring WiFi on RPi1 (${RPI1['ip']})</arg>
<status status="NOT RUN" start="2025-07-16T18:06:44.314072" elapsed="0.000019"/>
</kw>
<kw name="Configure Rpi Static Ip And Wpa" owner="wifi_lan">
<arg>${RPI1['ip']}</arg>
<arg>${RPI1['user']}</arg>
<arg>${RPI1['password']}</arg>
<arg>${RPI1['ip']}</arg>
<arg>${SSID}</arg>
<arg>${PSK}</arg>
<arg>${ENCRYPTION}</arg>
<status status="NOT RUN" start="2025-07-16T18:06:44.314153" elapsed="0.000017"/>
</kw>
<kw name="Log Message To Custom File" owner="common_keywords">
<arg>Configured WiFi on RPi1</arg>
<status status="NOT RUN" start="2025-07-16T18:06:44.314238" elapsed="0.000016"/>
</kw>
<kw name="Log Message To Custom File" owner="common_keywords">
<arg>Configuring WiFi on RPi2 (${RPI2['ip']})</arg>
<status status="NOT RUN" start="2025-07-16T18:06:44.314315" elapsed="0.000015"/>
</kw>
<kw name="Configure Rpi Static Ip And Wpa" owner="wifi_lan">
<arg>${RPI2['ip']}</arg>
<arg>${RPI2['user']}</arg>
<arg>${RPI2['password']}</arg>
<arg>${RPI2['ip']}</arg>
<arg>${SSID}</arg>
<arg>${PSK}</arg>
<arg>${ENCRYPTION}</arg>
<status status="NOT RUN" start="2025-07-16T18:06:44.314384" elapsed="0.000014"/>
</kw>
<kw name="Log Message To Custom File" owner="common_keywords">
<arg>Configured WiFi on RPi2</arg>
<status status="NOT RUN" start="2025-07-16T18:06:44.314465" elapsed="0.000015"/>
</kw>
<kw name="Sleep" owner="BuiltIn">
<arg>15s</arg>
<doc>Pauses the test executed for the given time.</doc>
<status status="NOT RUN" start="2025-07-16T18:06:44.314535" elapsed="0.000014"/>
</kw>
<kw name="Log Message To Custom File" owner="common_keywords">
<arg>Waited 15s for WiFi to stabilize</arg>
<status status="NOT RUN" start="2025-07-16T18:06:44.314610" elapsed="0.000018"/>
</kw>
<kw name="Ensure Iperf3 Installed" owner="wifi_lan">
<arg>${RPI1['ip']}</arg>
<arg>${RPI1['user']}</arg>
<arg>${RPI1['password']}</arg>
<status status="NOT RUN" start="2025-07-16T18:06:44.314727" elapsed="0.000014"/>
</kw>
<kw name="Ensure Iperf3 Installed" owner="wifi_lan">
<arg>${RPI2['ip']}</arg>
<arg>${RPI2['user']}</arg>
<arg>${RPI2['password']}</arg>
<status status="NOT RUN" start="2025-07-16T18:06:44.314794" elapsed="0.000014"/>
</kw>
<kw name="Log Message To Custom File" owner="common_keywords">
<arg>iperf3 installed on both RPis</arg>
<status status="NOT RUN" start="2025-07-16T18:06:44.314869" elapsed="0.000015"/>
</kw>
<kw name="Log Message To Custom File" owner="common_keywords">
<arg>Capturing baseline system stats from OpenWRT</arg>
<status status="NOT RUN" start="2025-07-16T18:06:44.314943" elapsed="0.000016"/>
</kw>
<kw name="Capture Baseline System Stats" owner="wifi_lan">
<arg>${OPENWRT['ip']}</arg>
<arg>${OPENWRT['user']}</arg>
<arg>${OPENWRT['password']}</arg>
<status status="NOT RUN" start="2025-07-16T18:06:44.315012" elapsed="0.000014"/>
</kw>
<kw name="Log Message To Custom File" owner="common_keywords">
<arg>Starting iperf3 servers</arg>
<status status="NOT RUN" start="2025-07-16T18:06:44.315086" elapsed="0.000015"/>
</kw>
<kw name="Start Iperf Server" owner="wifi_lan">
<arg>${RPI1['ip']}</arg>
<arg>${RPI1['user']}</arg>
<arg>${RPI1['password']}</arg>
<arg>5201</arg>
<status status="NOT RUN" start="2025-07-16T18:06:44.315152" elapsed="0.000217"/>
</kw>
<kw name="Start Iperf Server" owner="wifi_lan">
<arg>${RPI2['ip']}</arg>
<arg>${RPI2['user']}</arg>
<arg>${RPI2['password']}</arg>
<arg>5202</arg>
<status status="NOT RUN" start="2025-07-16T18:06:44.315456" elapsed="0.000019"/>
</kw>
<kw name="Log Message To Custom File" owner="common_keywords">
<arg>iperf3 servers started</arg>
<status status="NOT RUN" start="2025-07-16T18:06:44.315557" elapsed="0.000019"/>
</kw>
<kw name="Log Message To Custom File" owner="common_keywords">
<arg>Starting resource monitoring on OpenWRT</arg>
<status status="NOT RUN" start="2025-07-16T18:06:44.315643" elapsed="0.000017"/>
</kw>
<kw name="Start Monitoring During Iperf" owner="wifi_lan">
<arg>${OPENWRT['ip']}</arg>
<arg>${OPENWRT['user']}</arg>
<arg>${OPENWRT['password']}</arg>
<status status="NOT RUN" start="2025-07-16T18:06:44.315719" elapsed="0.000015"/>
</kw>
<kw name="Log Message To Custom File" owner="common_keywords">
<arg>Starting bidirectional iperf3 clients</arg>
<status status="NOT RUN" start="2025-07-16T18:06:44.315801" elapsed="0.000017"/>
</kw>
<kw name="Start Iperf Client Parallel" owner="wifi_lan">
<arg>${RPI1['ip']}</arg>
<arg>${RPI1['user']}</arg>
<arg>${RPI1['password']}</arg>
<arg>${RPI2['ip']}</arg>
<arg>${DURATION}</arg>
<arg>${BANDWIDTH}</arg>
<arg>5202</arg>
<status status="NOT RUN" start="2025-07-16T18:06:44.315876" elapsed="0.000015"/>
</kw>
<kw name="Start Iperf Client Parallel" owner="wifi_lan">
<arg>${RPI2['ip']}</arg>
<arg>${RPI2['user']}</arg>
<arg>${RPI2['password']}</arg>
<arg>${RPI1['ip']}</arg>
<arg>${DURATION}</arg>
<arg>${BANDWIDTH}</arg>
<arg>5201</arg>
<status status="NOT RUN" start="2025-07-16T18:06:44.315955" elapsed="0.000015"/>
</kw>
<kw name="Wait For All Iperf Clients" owner="wifi_lan">
<status status="NOT RUN" start="2025-07-16T18:06:44.316035" elapsed="0.000015"/>
</kw>
<kw name="Log Message To Custom File" owner="common_keywords">
<arg>All iperf3 clients finished</arg>
<status status="NOT RUN" start="2025-07-16T18:06:44.316111" elapsed="0.000017"/>
</kw>
<kw name="Stop Monitoring" owner="wifi_lan">
<status status="NOT RUN" start="2025-07-16T18:06:44.316185" elapsed="0.000015"/>
</kw>
<kw name="Log Message To Custom File" owner="common_keywords">
<arg>Monitoring stopped</arg>
<status status="NOT RUN" start="2025-07-16T18:06:44.316261" elapsed="0.000026"/>
</kw>
<kw name="Log Message To Custom File" owner="common_keywords">
<arg>Capturing post-test system stats</arg>
<status status="NOT RUN" start="2025-07-16T18:06:44.316353" elapsed="0.000016"/>
</kw>
<kw name="Capture Post Test System Stats" owner="wifi_lan">
<arg>${OPENWRT['ip']}</arg>
<arg>${OPENWRT['user']}</arg>
<arg>${OPENWRT['password']}</arg>
<status status="NOT RUN" start="2025-07-16T18:06:44.316427" elapsed="0.000015"/>
</kw>
<kw name="Log Message To Custom File" owner="common_keywords">
<arg>==== Completed WiFi LAN RPi Performance Test ====</arg>
<status status="NOT RUN" start="2025-07-16T18:06:44.316508" elapsed="0.000017"/>
</kw>
<tag>BB-INT-WWAN-001</tag>
<status status="FAIL" start="2025-07-16T18:06:41.299258" elapsed="3.017439">TimeoutError: timed out</status>
</test>
<status status="FAIL" start="2025-07-16T18:06:41.064237" elapsed="3.252762"/>
</suite>
<status status="FAIL" start="2025-07-16T18:06:41.063570" elapsed="3.253809"/>
</suite>
<status status="FAIL" start="2025-07-16T18:06:41.029002" elapsed="3.288648"/>
</suite>
<statistics>
<total>
<stat pass="0" fail="1" skip="0">All Tests</stat>
</total>
<tag>
<stat pass="0" fail="1" skip="0">BB-INT-WWAN-001</stat>
</tag>
<suite>
<stat name="Tests" id="s1" pass="0" fail="1" skip="0">Tests</stat>
<stat name="Wifi" id="s1-s1" pass="0" fail="1" skip="0">Tests.Wifi</stat>
<stat name="Wifi Lan Rpi" id="s1-s1-s1" pass="0" fail="1" skip="0">Tests.Wifi.Wifi Lan Rpi</stat>
</suite>
</statistics>
<errors>
<msg time="2025-07-16T18:06:41.024543" level="WARN">Error in file '/app/robot-framework-automation/tests/ethernet/ethernet_bridging.robot' on line 85: The '[Return]' setting is deprecated. Use the 'RETURN' statement instead.</msg>
</errors>
</robot>
