<?xml version="1.0" encoding="UTF-8"?>
<robot generator="Robot 7.2.2 (Python 3.10.12 on linux)" generated="2025-07-18T09:37:20.402117" rpa="false" schemaversion="5">
<suite id="s1" name="Wifi Lan Rpi" source="/home/kalyani/Desktop/Desktop/nokia/django-robot-spanidea/robot-framework-automation/tests/wifi/wifi_lan_rpi.robot">
<kw name="Initialize Custom Log File" owner="common_keywords" type="SETUP">
<kw name="Get Current Date" owner="common_keywords">
<kw name="Evaluate" owner="BuiltIn">
<msg time="2025-07-18T09:37:20.608741" level="INFO">${now} = 20250718_093720</msg>
<var>${now}</var>
<arg>__import__('datetime').datetime.now().strftime('${result_format}')</arg>
<arg>modules=datetime</arg>
<doc>Evaluates the given expression in Python and returns the result.</doc>
<status status="PASS" start="2025-07-18T09:37:20.608459" elapsed="0.000316"/>
</kw>
<return>
<value>${now}</value>
<status status="PASS" start="2025-07-18T09:37:20.608850" elapsed="0.000048"/>
</return>
<msg time="2025-07-18T09:37:20.609008" level="INFO">${timestamp} = 20250718_093720</msg>
<var>${timestamp}</var>
<arg>%Y%m%d_%H%M%S</arg>
<status status="PASS" start="2025-07-18T09:37:20.607737" elapsed="0.001294"/>
</kw>
<kw name="Set Variable" owner="BuiltIn">
<msg time="2025-07-18T09:37:20.609283" level="INFO">${log_file} = /home/kalyani/Desktop/Desktop/nokia/django-robot-spanidea/robot-framework-automation/tests/wifi/../../logs/custom_log_20250718_093720.log</msg>
<var>${log_file}</var>
<arg>${LOG_FOLDER}/custom_log_${timestamp}.log</arg>
<doc>Returns the given values which can then be assigned to a variables.</doc>
<status status="PASS" start="2025-07-18T09:37:20.609130" elapsed="0.000177"/>
</kw>
<kw name="Set Suite Variable" owner="BuiltIn">
<msg time="2025-07-18T09:37:20.609556" level="INFO">${LOG_FILE} = /home/kalyani/Desktop/Desktop/nokia/django-robot-spanidea/robot-framework-automation/tests/wifi/../../logs/custom_log_20250718_093720.log</msg>
<arg>${LOG_FILE}</arg>
<arg>${log_file}</arg>
<doc>Makes a variable available everywhere within the scope of the current suite.</doc>
<status status="PASS" start="2025-07-18T09:37:20.609405" elapsed="0.000190"/>
</kw>
<status status="PASS" start="2025-07-18T09:37:20.607509" elapsed="0.002140"/>
</kw>
<test id="s1-t1" name="WiFi LAN RPi Performance Test via OpenWRT" line="20">
<kw name="Load Json From File" owner="JSONLibrary">
<msg time="2025-07-18T09:37:20.610857" level="INFO">${config} = {'devices': {'RPI1': {'ip': '192.168.201.38', 'user': 'rpi', 'password': 'rpi'}, 'RPI2': {'ip': '192.168.201.41', 'user': 'pi', 'password': 'spanidea'}, 'openwrt': {'ip': '192.168.201.32', 'user': 'ro...</msg>
<var>${config}</var>
<arg>${CONFIG_FILE}</arg>
<doc>Load JSON from file.</doc>
<status status="PASS" start="2025-07-18T09:37:20.610060" elapsed="0.000826"/>
</kw>
<kw name="Get From Dictionary" owner="Collections">
<msg time="2025-07-18T09:37:20.611175" level="INFO">${devices} = {'RPI1': {'ip': '192.168.201.38', 'user': 'rpi', 'password': 'rpi'}, 'RPI2': {'ip': '192.168.201.41', 'user': 'pi', 'password': 'spanidea'}, 'openwrt': {'ip': '192.168.201.32', 'user': 'root', 'passwo...</msg>
<var>${devices}</var>
<arg>${config}</arg>
<arg>devices</arg>
<doc>Returns a value from the given ``dictionary`` based on the given ``key``.</doc>
<status status="PASS" start="2025-07-18T09:37:20.611024" elapsed="0.000174"/>
</kw>
<kw name="Get From Dictionary" owner="Collections">
<msg time="2025-07-18T09:37:20.611445" level="INFO">${OPENWRT} = {'ip': '192.168.201.32', 'user': 'root', 'password': 'root'}</msg>
<var>${OPENWRT}</var>
<arg>${devices}</arg>
<arg>openwrt</arg>
<doc>Returns a value from the given ``dictionary`` based on the given ``key``.</doc>
<status status="PASS" start="2025-07-18T09:37:20.611312" elapsed="0.000154"/>
</kw>
<kw name="Get From Dictionary" owner="Collections">
<msg time="2025-07-18T09:37:20.611695" level="INFO">${RPI1} = {'ip': '192.168.201.38', 'user': 'rpi', 'password': 'rpi'}</msg>
<var>${RPI1}</var>
<arg>${devices}</arg>
<arg>RPI1</arg>
<doc>Returns a value from the given ``dictionary`` based on the given ``key``.</doc>
<status status="PASS" start="2025-07-18T09:37:20.611571" elapsed="0.000145"/>
</kw>
<kw name="Get From Dictionary" owner="Collections">
<msg time="2025-07-18T09:37:20.611943" level="INFO">${RPI2} = {'ip': '192.168.201.41', 'user': 'pi', 'password': 'spanidea'}</msg>
<var>${RPI2}</var>
<arg>${devices}</arg>
<arg>RPI2</arg>
<doc>Returns a value from the given ``dictionary`` based on the given ``key``.</doc>
<status status="PASS" start="2025-07-18T09:37:20.611823" elapsed="0.000141"/>
</kw>
<kw name="Get From Dictionary" owner="Collections">
<msg time="2025-07-18T09:37:20.612190" level="INFO">${SSID} = OpenWrt-Naresh</msg>
<var>${SSID}</var>
<arg>${config}</arg>
<arg>SSID</arg>
<doc>Returns a value from the given ``dictionary`` based on the given ``key``.</doc>
<status status="PASS" start="2025-07-18T09:37:20.612065" elapsed="0.000148"/>
</kw>
<kw name="Get From Dictionary" owner="Collections">
<msg time="2025-07-18T09:37:20.612528" level="INFO">${PSK} = 1234567890</msg>
<var>${PSK}</var>
<arg>${config}</arg>
<arg>PSK</arg>
<doc>Returns a value from the given ``dictionary`` based on the given ``key``.</doc>
<status status="PASS" start="2025-07-18T09:37:20.612364" elapsed="0.000188"/>
</kw>
<kw name="Get From Dictionary" owner="Collections">
<msg time="2025-07-18T09:37:20.612795" level="INFO">${ENCRYPTION} = wpa2</msg>
<var>${ENCRYPTION}</var>
<arg>${config}</arg>
<arg>encryption</arg>
<doc>Returns a value from the given ``dictionary`` based on the given ``key``.</doc>
<status status="PASS" start="2025-07-18T09:37:20.612662" elapsed="0.000155"/>
</kw>
<kw name="Log To Console" owner="BuiltIn">
<arg>==== Starting WiFi LAN RPi Performance Test ====</arg>
<doc>Logs the given message to the console.</doc>
<status status="PASS" start="2025-07-18T09:37:20.612928" elapsed="0.000105"/>
</kw>
<kw name="Log Message To Custom File" owner="common_keywords">
<kw name="Get Current Date" owner="common_keywords">
<kw name="Evaluate" owner="BuiltIn">
<msg time="2025-07-18T09:37:20.613903" level="INFO">${now} = 2025-07-18 09:37:20</msg>
<var>${now}</var>
<arg>__import__('datetime').datetime.now().strftime('${result_format}')</arg>
<arg>modules=datetime</arg>
<doc>Evaluates the given expression in Python and returns the result.</doc>
<status status="PASS" start="2025-07-18T09:37:20.613634" elapsed="0.000296"/>
</kw>
<return>
<value>${now}</value>
<status status="PASS" start="2025-07-18T09:37:20.613989" elapsed="0.000043"/>
</return>
<msg time="2025-07-18T09:37:20.614137" level="INFO">${timestamp} = 2025-07-18 09:37:20</msg>
<var>${timestamp}</var>
<arg>%Y-%m-%d %H:%M:%S</arg>
<status status="PASS" start="2025-07-18T09:37:20.613421" elapsed="0.000738"/>
</kw>
<kw name="Append To File" owner="OperatingSystem">
<msg time="2025-07-18T09:37:20.614555" level="INFO" html="true">Appended to file '&lt;a href="file:///home/kalyani/Desktop/Desktop/nokia/django-robot-spanidea/robot-framework-automation/logs/custom_log_20250718_093720.log"&gt;/home/kalyani/Desktop/Desktop/nokia/django-robot-spanidea/robot-framework-automation/logs/custom_log_20250718_093720.log&lt;/a&gt;'.</msg>
<arg>${LOG_FILE}</arg>
<arg>[INFO][${timestamp}] ${message}\n</arg>
<doc>Appends the given content to the specified file.</doc>
<status status="PASS" start="2025-07-18T09:37:20.614253" elapsed="0.000357"/>
</kw>
<arg>==== Starting WiFi LAN RPi Performance Test ====</arg>
<status status="PASS" start="2025-07-18T09:37:20.613184" elapsed="0.001487"/>
</kw>
<kw name="Log To Console" owner="BuiltIn">
<arg>Connecting to OpenWRT: ${OPENWRT['ip']}</arg>
<doc>Logs the given message to the console.</doc>
<status status="PASS" start="2025-07-18T09:37:20.614803" elapsed="0.000435"/>
</kw>
<kw name="Log Message To Custom File" owner="common_keywords">
<kw name="Get Current Date" owner="common_keywords">
<kw name="Evaluate" owner="BuiltIn">
<msg time="2025-07-18T09:37:20.616516" level="INFO">${now} = 2025-07-18 09:37:20</msg>
<var>${now}</var>
<arg>__import__('datetime').datetime.now().strftime('${result_format}')</arg>
<arg>modules=datetime</arg>
<doc>Evaluates the given expression in Python and returns the result.</doc>
<status status="PASS" start="2025-07-18T09:37:20.616213" elapsed="0.000341"/>
</kw>
<return>
<value>${now}</value>
<status status="PASS" start="2025-07-18T09:37:20.616674" elapsed="0.000048"/>
</return>
<msg time="2025-07-18T09:37:20.616869" level="INFO">${timestamp} = 2025-07-18 09:37:20</msg>
<var>${timestamp}</var>
<arg>%Y-%m-%d %H:%M:%S</arg>
<status status="PASS" start="2025-07-18T09:37:20.615919" elapsed="0.000983"/>
</kw>
<kw name="Append To File" owner="OperatingSystem">
<msg time="2025-07-18T09:37:20.617446" level="INFO" html="true">Appended to file '&lt;a href="file:///home/kalyani/Desktop/Desktop/nokia/django-robot-spanidea/robot-framework-automation/logs/custom_log_20250718_093720.log"&gt;/home/kalyani/Desktop/Desktop/nokia/django-robot-spanidea/robot-framework-automation/logs/custom_log_20250718_093720.log&lt;/a&gt;'.</msg>
<arg>${LOG_FILE}</arg>
<arg>[INFO][${timestamp}] ${message}\n</arg>
<doc>Appends the given content to the specified file.</doc>
<status status="PASS" start="2025-07-18T09:37:20.617037" elapsed="0.000474"/>
</kw>
<arg>Connecting to OpenWRT: ${OPENWRT['ip']}</arg>
<status status="PASS" start="2025-07-18T09:37:20.615379" elapsed="0.002213"/>
</kw>
<kw name="Open Connection" owner="SSHLibrary">
<arg>${OPENWRT['ip']}</arg>
<doc>Opens a new SSH connection to the given ``host`` and ``port``.</doc>
<status status="PASS" start="2025-07-18T09:37:20.617760" elapsed="0.000664"/>
</kw>
<kw name="Login" owner="SSHLibrary">
<msg time="2025-07-18T09:37:20.619649" level="INFO">Logging into '192.168.201.32:22' as 'root'.</msg>
<msg time="2025-07-18T09:37:21.749443" level="INFO">Read output: 

BusyBox v1.36.1 (2025-07-13 13:49:39 UTC) built-in shell (ash)

  _______                     ________        __
 |       |.-----.-----.-----.|  |  |  |.----.|  |_
 |   -   ||  _  |  -__|     ||  |  |  ||   _||   _|
 |_______||   __|_____|__|__||________||__|  |____|
          |__| W I R E L E S S   F R E E D O M
 -----------------------------------------------------
 OpenWrt 23.05-SNAPSHOT, 1-0-0-55-2025-07-15-01-59-35
 -----------------------------------------------------
root@00-04-9F-06-C2-CB:~#</msg>
<arg>${OPENWRT['user']}</arg>
<arg>${OPENWRT['password']}</arg>
<doc>Logs into the SSH server with the given ``username`` and ``password``.</doc>
<status status="PASS" start="2025-07-18T09:37:20.618595" elapsed="1.130986"/>
</kw>
<kw name="Log To Console" owner="BuiltIn">
<arg>SSH connected to OpenWRT</arg>
<doc>Logs the given message to the console.</doc>
<status status="PASS" start="2025-07-18T09:37:21.749848" elapsed="0.000185"/>
</kw>
<kw name="Log Message To Custom File" owner="common_keywords">
<kw name="Get Current Date" owner="common_keywords">
<kw name="Evaluate" owner="BuiltIn">
<msg time="2025-07-18T09:37:21.751911" level="INFO">${now} = 2025-07-18 09:37:21</msg>
<var>${now}</var>
<arg>__import__('datetime').datetime.now().strftime('${result_format}')</arg>
<arg>modules=datetime</arg>
<doc>Evaluates the given expression in Python and returns the result.</doc>
<status status="PASS" start="2025-07-18T09:37:21.751481" elapsed="0.000471"/>
</kw>
<return>
<value>${now}</value>
<status status="PASS" start="2025-07-18T09:37:21.752033" elapsed="0.000057"/>
</return>
<msg time="2025-07-18T09:37:21.752241" level="INFO">${timestamp} = 2025-07-18 09:37:21</msg>
<var>${timestamp}</var>
<arg>%Y-%m-%d %H:%M:%S</arg>
<status status="PASS" start="2025-07-18T09:37:21.750498" elapsed="0.001768"/>
</kw>
<kw name="Append To File" owner="OperatingSystem">
<msg time="2025-07-18T09:37:21.752673" level="INFO" html="true">Appended to file '&lt;a href="file:///home/kalyani/Desktop/Desktop/nokia/django-robot-spanidea/robot-framework-automation/logs/custom_log_20250718_093720.log"&gt;/home/kalyani/Desktop/Desktop/nokia/django-robot-spanidea/robot-framework-automation/logs/custom_log_20250718_093720.log&lt;/a&gt;'.</msg>
<arg>${LOG_FILE}</arg>
<arg>[INFO][${timestamp}] ${message}\n</arg>
<doc>Appends the given content to the specified file.</doc>
<status status="PASS" start="2025-07-18T09:37:21.752370" elapsed="0.000355"/>
</kw>
<arg>SSH connected to OpenWRT</arg>
<status status="PASS" start="2025-07-18T09:37:21.750208" elapsed="0.002594"/>
</kw>
<kw name="Configure OpenWRT Wireless" owner="wifi_lan">
<kw name="Log Message To Custom File" owner="common_keywords">
<kw name="Get Current Date" owner="common_keywords">
<kw name="Evaluate" owner="BuiltIn">
<msg time="2025-07-18T09:37:21.869883" level="INFO">${now} = 2025-07-18 09:37:21</msg>
<var>${now}</var>
<arg>__import__('datetime').datetime.now().strftime('${result_format}')</arg>
<arg>modules=datetime</arg>
<doc>Evaluates the given expression in Python and returns the result.</doc>
<status status="PASS" start="2025-07-18T09:37:21.869598" elapsed="0.000316"/>
</kw>
<return>
<value>${now}</value>
<status status="PASS" start="2025-07-18T09:37:21.869980" elapsed="0.000039"/>
</return>
<msg time="2025-07-18T09:37:21.870126" level="INFO">${timestamp} = 2025-07-18 09:37:21</msg>
<var>${timestamp}</var>
<arg>%Y-%m-%d %H:%M:%S</arg>
<status status="PASS" start="2025-07-18T09:37:21.869354" elapsed="0.000794"/>
</kw>
<kw name="Append To File" owner="OperatingSystem">
<msg time="2025-07-18T09:37:21.870505" level="INFO" html="true">Appended to file '&lt;a href="file:///home/kalyani/Desktop/Desktop/nokia/django-robot-spanidea/robot-framework-automation/logs/custom_log_20250718_093720.log"&gt;/home/kalyani/Desktop/Desktop/nokia/django-robot-spanidea/robot-framework-automation/logs/custom_log_20250718_093720.log&lt;/a&gt;'.</msg>
<arg>${LOG_FILE}</arg>
<arg>[INFO][${timestamp}] ${message}\n</arg>
<doc>Appends the given content to the specified file.</doc>
<status status="PASS" start="2025-07-18T09:37:21.870249" elapsed="0.000311"/>
</kw>
<arg>Executed on OpenWRT: uci set wireless.@wifi-device[0].disabled='0'</arg>
<status status="PASS" start="2025-07-18T09:37:21.868950" elapsed="0.001681"/>
</kw>
<kw name="Log Message To Custom File" owner="common_keywords">
<kw name="Get Current Date" owner="common_keywords">
<kw name="Evaluate" owner="BuiltIn">
<msg time="2025-07-18T09:37:21.926202" level="INFO">${now} = 2025-07-18 09:37:21</msg>
<var>${now}</var>
<arg>__import__('datetime').datetime.now().strftime('${result_format}')</arg>
<arg>modules=datetime</arg>
<doc>Evaluates the given expression in Python and returns the result.</doc>
<status status="PASS" start="2025-07-18T09:37:21.925908" elapsed="0.000327"/>
</kw>
<return>
<value>${now}</value>
<status status="PASS" start="2025-07-18T09:37:21.926302" elapsed="0.000040"/>
</return>
<msg time="2025-07-18T09:37:21.926448" level="INFO">${timestamp} = 2025-07-18 09:37:21</msg>
<var>${timestamp}</var>
<arg>%Y-%m-%d %H:%M:%S</arg>
<status status="PASS" start="2025-07-18T09:37:21.925511" elapsed="0.000960"/>
</kw>
<kw name="Append To File" owner="OperatingSystem">
<msg time="2025-07-18T09:37:21.926855" level="INFO" html="true">Appended to file '&lt;a href="file:///home/kalyani/Desktop/Desktop/nokia/django-robot-spanidea/robot-framework-automation/logs/custom_log_20250718_093720.log"&gt;/home/kalyani/Desktop/Desktop/nokia/django-robot-spanidea/robot-framework-automation/logs/custom_log_20250718_093720.log&lt;/a&gt;'.</msg>
<arg>${LOG_FILE}</arg>
<arg>[INFO][${timestamp}] ${message}\n</arg>
<doc>Appends the given content to the specified file.</doc>
<status status="PASS" start="2025-07-18T09:37:21.926573" elapsed="0.000342"/>
</kw>
<arg>Executed on OpenWRT: uci set wireless.@wifi-iface[0].network='lan'</arg>
<status status="PASS" start="2025-07-18T09:37:21.925004" elapsed="0.001985"/>
</kw>
<kw name="Log Message To Custom File" owner="common_keywords">
<kw name="Get Current Date" owner="common_keywords">
<kw name="Evaluate" owner="BuiltIn">
<msg time="2025-07-18T09:37:21.976258" level="INFO">${now} = 2025-07-18 09:37:21</msg>
<var>${now}</var>
<arg>__import__('datetime').datetime.now().strftime('${result_format}')</arg>
<arg>modules=datetime</arg>
<doc>Evaluates the given expression in Python and returns the result.</doc>
<status status="PASS" start="2025-07-18T09:37:21.975899" elapsed="0.000398"/>
</kw>
<return>
<value>${now}</value>
<status status="PASS" start="2025-07-18T09:37:21.976378" elapsed="0.000142"/>
</return>
<msg time="2025-07-18T09:37:21.976694" level="INFO">${timestamp} = 2025-07-18 09:37:21</msg>
<var>${timestamp}</var>
<arg>%Y-%m-%d %H:%M:%S</arg>
<status status="PASS" start="2025-07-18T09:37:21.975564" elapsed="0.001157"/>
</kw>
<kw name="Append To File" owner="OperatingSystem">
<msg time="2025-07-18T09:37:21.977336" level="INFO" html="true">Appended to file '&lt;a href="file:///home/kalyani/Desktop/Desktop/nokia/django-robot-spanidea/robot-framework-automation/logs/custom_log_20250718_093720.log"&gt;/home/kalyani/Desktop/Desktop/nokia/django-robot-spanidea/robot-framework-automation/logs/custom_log_20250718_093720.log&lt;/a&gt;'.</msg>
<arg>${LOG_FILE}</arg>
<arg>[INFO][${timestamp}] ${message}\n</arg>
<doc>Appends the given content to the specified file.</doc>
<status status="PASS" start="2025-07-18T09:37:21.976936" elapsed="0.000470"/>
</kw>
<arg>Executed on OpenWRT: uci set wireless.@wifi-iface[0].ssid='OpenWrt-Naresh'</arg>
<status status="PASS" start="2025-07-18T09:37:21.975057" elapsed="0.002427"/>
</kw>
<kw name="Log Message To Custom File" owner="common_keywords">
<kw name="Get Current Date" owner="common_keywords">
<kw name="Evaluate" owner="BuiltIn">
<msg time="2025-07-18T09:37:22.025802" level="INFO">${now} = 2025-07-18 09:37:22</msg>
<var>${now}</var>
<arg>__import__('datetime').datetime.now().strftime('${result_format}')</arg>
<arg>modules=datetime</arg>
<doc>Evaluates the given expression in Python and returns the result.</doc>
<status status="PASS" start="2025-07-18T09:37:22.025509" elapsed="0.000329"/>
</kw>
<return>
<value>${now}</value>
<status status="PASS" start="2025-07-18T09:37:22.025906" elapsed="0.000040"/>
</return>
<msg time="2025-07-18T09:37:22.026051" level="INFO">${timestamp} = 2025-07-18 09:37:22</msg>
<var>${timestamp}</var>
<arg>%Y-%m-%d %H:%M:%S</arg>
<status status="PASS" start="2025-07-18T09:37:22.025273" elapsed="0.000800"/>
</kw>
<kw name="Append To File" owner="OperatingSystem">
<msg time="2025-07-18T09:37:22.026436" level="INFO" html="true">Appended to file '&lt;a href="file:///home/kalyani/Desktop/Desktop/nokia/django-robot-spanidea/robot-framework-automation/logs/custom_log_20250718_093720.log"&gt;/home/kalyani/Desktop/Desktop/nokia/django-robot-spanidea/robot-framework-automation/logs/custom_log_20250718_093720.log&lt;/a&gt;'.</msg>
<arg>${LOG_FILE}</arg>
<arg>[INFO][${timestamp}] ${message}\n</arg>
<doc>Appends the given content to the specified file.</doc>
<status status="PASS" start="2025-07-18T09:37:22.026173" elapsed="0.000314"/>
</kw>
<arg>Executed on OpenWRT: uci set wireless.@wifi-iface[0].encryption='psk2'</arg>
<status status="PASS" start="2025-07-18T09:37:22.024882" elapsed="0.001664"/>
</kw>
<kw name="Log Message To Custom File" owner="common_keywords">
<kw name="Get Current Date" owner="common_keywords">
<kw name="Evaluate" owner="BuiltIn">
<msg time="2025-07-18T09:37:22.076984" level="INFO">${now} = 2025-07-18 09:37:22</msg>
<var>${now}</var>
<arg>__import__('datetime').datetime.now().strftime('${result_format}')</arg>
<arg>modules=datetime</arg>
<doc>Evaluates the given expression in Python and returns the result.</doc>
<status status="PASS" start="2025-07-18T09:37:22.076688" elapsed="0.000329"/>
</kw>
<return>
<value>${now}</value>
<status status="PASS" start="2025-07-18T09:37:22.077087" elapsed="0.000043"/>
</return>
<msg time="2025-07-18T09:37:22.077238" level="INFO">${timestamp} = 2025-07-18 09:37:22</msg>
<var>${timestamp}</var>
<arg>%Y-%m-%d %H:%M:%S</arg>
<status status="PASS" start="2025-07-18T09:37:22.076336" elapsed="0.000925"/>
</kw>
<kw name="Append To File" owner="OperatingSystem">
<msg time="2025-07-18T09:37:22.077661" level="INFO" html="true">Appended to file '&lt;a href="file:///home/kalyani/Desktop/Desktop/nokia/django-robot-spanidea/robot-framework-automation/logs/custom_log_20250718_093720.log"&gt;/home/kalyani/Desktop/Desktop/nokia/django-robot-spanidea/robot-framework-automation/logs/custom_log_20250718_093720.log&lt;/a&gt;'.</msg>
<arg>${LOG_FILE}</arg>
<arg>[INFO][${timestamp}] ${message}\n</arg>
<doc>Appends the given content to the specified file.</doc>
<status status="PASS" start="2025-07-18T09:37:22.077372" elapsed="0.000352"/>
</kw>
<arg>Executed on OpenWRT: uci set wireless.@wifi-iface[0].key='1234567890'</arg>
<status status="PASS" start="2025-07-18T09:37:22.075512" elapsed="0.002289"/>
</kw>
<kw name="Log Message To Custom File" owner="common_keywords">
<kw name="Get Current Date" owner="common_keywords">
<kw name="Evaluate" owner="BuiltIn">
<msg time="2025-07-18T09:37:22.126301" level="INFO">${now} = 2025-07-18 09:37:22</msg>
<var>${now}</var>
<arg>__import__('datetime').datetime.now().strftime('${result_format}')</arg>
<arg>modules=datetime</arg>
<doc>Evaluates the given expression in Python and returns the result.</doc>
<status status="PASS" start="2025-07-18T09:37:22.125827" elapsed="0.000513"/>
</kw>
<return>
<value>${now}</value>
<status status="PASS" start="2025-07-18T09:37:22.126417" elapsed="0.000045"/>
</return>
<msg time="2025-07-18T09:37:22.126587" level="INFO">${timestamp} = 2025-07-18 09:37:22</msg>
<var>${timestamp}</var>
<arg>%Y-%m-%d %H:%M:%S</arg>
<status status="PASS" start="2025-07-18T09:37:22.125545" elapsed="0.001070"/>
</kw>
<kw name="Append To File" owner="OperatingSystem">
<msg time="2025-07-18T09:37:22.127045" level="INFO" html="true">Appended to file '&lt;a href="file:///home/kalyani/Desktop/Desktop/nokia/django-robot-spanidea/robot-framework-automation/logs/custom_log_20250718_093720.log"&gt;/home/kalyani/Desktop/Desktop/nokia/django-robot-spanidea/robot-framework-automation/logs/custom_log_20250718_093720.log&lt;/a&gt;'.</msg>
<arg>${LOG_FILE}</arg>
<arg>[INFO][${timestamp}] ${message}\n</arg>
<doc>Appends the given content to the specified file.</doc>
<status status="PASS" start="2025-07-18T09:37:22.126735" elapsed="0.000375"/>
</kw>
<arg>Executed on OpenWRT: uci commit wireless</arg>
<status status="PASS" start="2025-07-18T09:37:22.125136" elapsed="0.002054"/>
</kw>
<kw name="Log Message To Custom File" owner="common_keywords">
<kw name="Get Current Date" owner="common_keywords">
<kw name="Evaluate" owner="BuiltIn">
<msg time="2025-07-18T09:37:22.206274" level="INFO">${now} = 2025-07-18 09:37:22</msg>
<var>${now}</var>
<arg>__import__('datetime').datetime.now().strftime('${result_format}')</arg>
<arg>modules=datetime</arg>
<doc>Evaluates the given expression in Python and returns the result.</doc>
<status status="PASS" start="2025-07-18T09:37:22.205998" elapsed="0.000308"/>
</kw>
<return>
<value>${now}</value>
<status status="PASS" start="2025-07-18T09:37:22.206370" elapsed="0.000039"/>
</return>
<msg time="2025-07-18T09:37:22.206511" level="INFO">${timestamp} = 2025-07-18 09:37:22</msg>
<var>${timestamp}</var>
<arg>%Y-%m-%d %H:%M:%S</arg>
<status status="PASS" start="2025-07-18T09:37:22.205620" elapsed="0.000914"/>
</kw>
<kw name="Append To File" owner="OperatingSystem">
<msg time="2025-07-18T09:37:22.206897" level="INFO" html="true">Appended to file '&lt;a href="file:///home/kalyani/Desktop/Desktop/nokia/django-robot-spanidea/robot-framework-automation/logs/custom_log_20250718_093720.log"&gt;/home/kalyani/Desktop/Desktop/nokia/django-robot-spanidea/robot-framework-automation/logs/custom_log_20250718_093720.log&lt;/a&gt;'.</msg>
<arg>${LOG_FILE}</arg>
<arg>[INFO][${timestamp}] ${message}\n</arg>
<doc>Appends the given content to the specified file.</doc>
<status status="PASS" start="2025-07-18T09:37:22.206632" elapsed="0.000322"/>
</kw>
<arg>Executed on OpenWRT: wifi reload</arg>
<status status="PASS" start="2025-07-18T09:37:22.205041" elapsed="0.001985"/>
</kw>
<arg>${OPENWRT['ip']}</arg>
<arg>${SSID}</arg>
<arg>${PSK}</arg>
<status status="PASS" start="2025-07-18T09:37:21.752962" elapsed="0.454182"/>
</kw>
<kw name="Close Connection" owner="SSHLibrary">
<doc>Closes the current connection.</doc>
<status status="PASS" start="2025-07-18T09:37:22.207293" elapsed="0.000141"/>
</kw>
<kw name="Log To Console" owner="BuiltIn">
<arg>Configured WiFi on OpenWRT with SSID ${SSID}</arg>
<doc>Logs the given message to the console.</doc>
<status status="PASS" start="2025-07-18T09:37:22.207555" elapsed="0.000143"/>
</kw>
<kw name="Log Message To Custom File" owner="common_keywords">
<kw name="Get Current Date" owner="common_keywords">
<kw name="Evaluate" owner="BuiltIn">
<msg time="2025-07-18T09:37:22.208605" level="INFO">${now} = 2025-07-18 09:37:22</msg>
<var>${now}</var>
<arg>__import__('datetime').datetime.now().strftime('${result_format}')</arg>
<arg>modules=datetime</arg>
<doc>Evaluates the given expression in Python and returns the result.</doc>
<status status="PASS" start="2025-07-18T09:37:22.208364" elapsed="0.000270"/>
</kw>
<return>
<value>${now}</value>
<status status="PASS" start="2025-07-18T09:37:22.208702" elapsed="0.000036"/>
</return>
<msg time="2025-07-18T09:37:22.208860" level="INFO">${timestamp} = 2025-07-18 09:37:22</msg>
<var>${timestamp}</var>
<arg>%Y-%m-%d %H:%M:%S</arg>
<status status="PASS" start="2025-07-18T09:37:22.208162" elapsed="0.000721"/>
</kw>
<kw name="Append To File" owner="OperatingSystem">
<msg time="2025-07-18T09:37:22.209217" level="INFO" html="true">Appended to file '&lt;a href="file:///home/kalyani/Desktop/Desktop/nokia/django-robot-spanidea/robot-framework-automation/logs/custom_log_20250718_093720.log"&gt;/home/kalyani/Desktop/Desktop/nokia/django-robot-spanidea/robot-framework-automation/logs/custom_log_20250718_093720.log&lt;/a&gt;'.</msg>
<arg>${LOG_FILE}</arg>
<arg>[INFO][${timestamp}] ${message}\n</arg>
<doc>Appends the given content to the specified file.</doc>
<status status="PASS" start="2025-07-18T09:37:22.208979" elapsed="0.000286"/>
</kw>
<arg>Configured WiFi on OpenWRT with SSID ${SSID}</arg>
<status status="PASS" start="2025-07-18T09:37:22.207895" elapsed="0.001427"/>
</kw>
<kw name="Log To Console" owner="BuiltIn">
<arg>Configuring WiFi on RPi1 (${RPI1['ip']})</arg>
<doc>Logs the given message to the console.</doc>
<status status="PASS" start="2025-07-18T09:37:22.209439" elapsed="0.000418"/>
</kw>
<kw name="Log Message To Custom File" owner="common_keywords">
<kw name="Get Current Date" owner="common_keywords">
<kw name="Evaluate" owner="BuiltIn">
<msg time="2025-07-18T09:37:22.210878" level="INFO">${now} = 2025-07-18 09:37:22</msg>
<var>${now}</var>
<arg>__import__('datetime').datetime.now().strftime('${result_format}')</arg>
<arg>modules=datetime</arg>
<doc>Evaluates the given expression in Python and returns the result.</doc>
<status status="PASS" start="2025-07-18T09:37:22.210665" elapsed="0.000238"/>
</kw>
<return>
<value>${now}</value>
<status status="PASS" start="2025-07-18T09:37:22.210959" elapsed="0.000043"/>
</return>
<msg time="2025-07-18T09:37:22.211102" level="INFO">${timestamp} = 2025-07-18 09:37:22</msg>
<var>${timestamp}</var>
<arg>%Y-%m-%d %H:%M:%S</arg>
<status status="PASS" start="2025-07-18T09:37:22.210478" elapsed="0.000645"/>
</kw>
<kw name="Append To File" owner="OperatingSystem">
<msg time="2025-07-18T09:37:22.211478" level="INFO" html="true">Appended to file '&lt;a href="file:///home/kalyani/Desktop/Desktop/nokia/django-robot-spanidea/robot-framework-automation/logs/custom_log_20250718_093720.log"&gt;/home/kalyani/Desktop/Desktop/nokia/django-robot-spanidea/robot-framework-automation/logs/custom_log_20250718_093720.log&lt;/a&gt;'.</msg>
<arg>${LOG_FILE}</arg>
<arg>[INFO][${timestamp}] ${message}\n</arg>
<doc>Appends the given content to the specified file.</doc>
<status status="PASS" start="2025-07-18T09:37:22.211213" elapsed="0.000330"/>
</kw>
<arg>Configuring WiFi on RPi1 (${RPI1['ip']})</arg>
<status status="PASS" start="2025-07-18T09:37:22.209989" elapsed="0.001617"/>
</kw>
<kw name="Configure Rpi Static Ip And Wpa" owner="wifi_lan">
<kw name="Log Message To Custom File" owner="common_keywords">
<kw name="Get Current Date" owner="common_keywords">
<kw name="Evaluate" owner="BuiltIn">
<msg time="2025-07-18T09:37:22.876143" level="INFO">${now} = 2025-07-18 09:37:22</msg>
<var>${now}</var>
<arg>__import__('datetime').datetime.now().strftime('${result_format}')</arg>
<arg>modules=datetime</arg>
<doc>Evaluates the given expression in Python and returns the result.</doc>
<status status="PASS" start="2025-07-18T09:37:22.875373" elapsed="0.000854"/>
</kw>
<return>
<value>${now}</value>
<status status="PASS" start="2025-07-18T09:37:22.876389" elapsed="0.000093"/>
</return>
<msg time="2025-07-18T09:37:22.876770" level="INFO">${timestamp} = 2025-07-18 09:37:22</msg>
<var>${timestamp}</var>
<arg>%Y-%m-%d %H:%M:%S</arg>
<status status="PASS" start="2025-07-18T09:37:22.874750" elapsed="0.002100"/>
</kw>
<kw name="Append To File" owner="OperatingSystem">
<msg time="2025-07-18T09:37:22.877767" level="INFO" html="true">Appended to file '&lt;a href="file:///home/kalyani/Desktop/Desktop/nokia/django-robot-spanidea/robot-framework-automation/logs/custom_log_20250718_093720.log"&gt;/home/kalyani/Desktop/Desktop/nokia/django-robot-spanidea/robot-framework-automation/logs/custom_log_20250718_093720.log&lt;/a&gt;'.</msg>
<arg>${LOG_FILE}</arg>
<arg>[INFO][${timestamp}] ${message}\n</arg>
<doc>Appends the given content to the specified file.</doc>
<status status="PASS" start="2025-07-18T09:37:22.877133" elapsed="0.000776"/>
</kw>
<arg>Set static IP on RPi 192.168.201.38: 192.168.201.38</arg>
<status status="PASS" start="2025-07-18T09:37:22.873932" elapsed="0.004134"/>
</kw>
<kw name="Log Message To Custom File" owner="common_keywords">
<kw name="Get Current Date" owner="common_keywords">
<kw name="Evaluate" owner="BuiltIn">
<msg time="2025-07-18T09:37:22.938239" level="INFO">${now} = 2025-07-18 09:37:22</msg>
<var>${now}</var>
<arg>__import__('datetime').datetime.now().strftime('${result_format}')</arg>
<arg>modules=datetime</arg>
<doc>Evaluates the given expression in Python and returns the result.</doc>
<status status="PASS" start="2025-07-18T09:37:22.937975" elapsed="0.000295"/>
</kw>
<return>
<value>${now}</value>
<status status="PASS" start="2025-07-18T09:37:22.938336" elapsed="0.000038"/>
</return>
<msg time="2025-07-18T09:37:22.938477" level="INFO">${timestamp} = 2025-07-18 09:37:22</msg>
<var>${timestamp}</var>
<arg>%Y-%m-%d %H:%M:%S</arg>
<status status="PASS" start="2025-07-18T09:37:22.937735" elapsed="0.000764"/>
</kw>
<kw name="Append To File" owner="OperatingSystem">
<msg time="2025-07-18T09:37:22.938861" level="INFO" html="true">Appended to file '&lt;a href="file:///home/kalyani/Desktop/Desktop/nokia/django-robot-spanidea/robot-framework-automation/logs/custom_log_20250718_093720.log"&gt;/home/kalyani/Desktop/Desktop/nokia/django-robot-spanidea/robot-framework-automation/logs/custom_log_20250718_093720.log&lt;/a&gt;'.</msg>
<arg>${LOG_FILE}</arg>
<arg>[INFO][${timestamp}] ${message}\n</arg>
<doc>Appends the given content to the specified file.</doc>
<status status="PASS" start="2025-07-18T09:37:22.938598" elapsed="0.000317"/>
</kw>
<arg>WPA supplicant configured with SSID 'OpenWrt-Naresh', encryption 'wpa2'</arg>
<status status="PASS" start="2025-07-18T09:37:22.937395" elapsed="0.001583"/>
</kw>
<kw name="Log Message To Custom File" owner="common_keywords">
<kw name="Get Current Date" owner="common_keywords">
<kw name="Evaluate" owner="BuiltIn">
<msg time="2025-07-18T09:37:23.026706" level="INFO">${now} = 2025-07-18 09:37:23</msg>
<var>${now}</var>
<arg>__import__('datetime').datetime.now().strftime('${result_format}')</arg>
<arg>modules=datetime</arg>
<doc>Evaluates the given expression in Python and returns the result.</doc>
<status status="PASS" start="2025-07-18T09:37:23.026414" elapsed="0.000325"/>
</kw>
<return>
<value>${now}</value>
<status status="PASS" start="2025-07-18T09:37:23.026814" elapsed="0.000040"/>
</return>
<msg time="2025-07-18T09:37:23.026961" level="INFO">${timestamp} = 2025-07-18 09:37:23</msg>
<var>${timestamp}</var>
<arg>%Y-%m-%d %H:%M:%S</arg>
<status status="PASS" start="2025-07-18T09:37:23.026193" elapsed="0.000789"/>
</kw>
<kw name="Append To File" owner="OperatingSystem">
<msg time="2025-07-18T09:37:23.027347" level="INFO" html="true">Appended to file '&lt;a href="file:///home/kalyani/Desktop/Desktop/nokia/django-robot-spanidea/robot-framework-automation/logs/custom_log_20250718_093720.log"&gt;/home/kalyani/Desktop/Desktop/nokia/django-robot-spanidea/robot-framework-automation/logs/custom_log_20250718_093720.log&lt;/a&gt;'.</msg>
<arg>${LOG_FILE}</arg>
<arg>[INFO][${timestamp}] ${message}\n</arg>
<doc>Appends the given content to the specified file.</doc>
<status status="PASS" start="2025-07-18T09:37:23.027084" elapsed="0.000482"/>
</kw>
<arg>Reconfigured WiFi and restarted dhcpcd on 192.168.201.38</arg>
<status status="PASS" start="2025-07-18T09:37:23.025845" elapsed="0.001794"/>
</kw>
<arg>${RPI1['ip']}</arg>
<arg>${RPI1['user']}</arg>
<arg>${RPI1['password']}</arg>
<arg>${RPI1['ip']}</arg>
<arg>${SSID}</arg>
<arg>${PSK}</arg>
<arg>${ENCRYPTION}</arg>
<status status="PASS" start="2025-07-18T09:37:22.211719" elapsed="0.816187"/>
</kw>
<kw name="Log To Console" owner="BuiltIn">
<arg>Configured WiFi on RPi1</arg>
<doc>Logs the given message to the console.</doc>
<status status="PASS" start="2025-07-18T09:37:23.028082" elapsed="0.000135"/>
</kw>
<kw name="Log Message To Custom File" owner="common_keywords">
<kw name="Get Current Date" owner="common_keywords">
<kw name="Evaluate" owner="BuiltIn">
<msg time="2025-07-18T09:37:23.029091" level="INFO">${now} = 2025-07-18 09:37:23</msg>
<var>${now}</var>
<arg>__import__('datetime').datetime.now().strftime('${result_format}')</arg>
<arg>modules=datetime</arg>
<doc>Evaluates the given expression in Python and returns the result.</doc>
<status status="PASS" start="2025-07-18T09:37:23.028853" elapsed="0.000265"/>
</kw>
<return>
<value>${now}</value>
<status status="PASS" start="2025-07-18T09:37:23.029169" elapsed="0.000034"/>
</return>
<msg time="2025-07-18T09:37:23.029301" level="INFO">${timestamp} = 2025-07-18 09:37:23</msg>
<var>${timestamp}</var>
<arg>%Y-%m-%d %H:%M:%S</arg>
<status status="PASS" start="2025-07-18T09:37:23.028645" elapsed="0.000678"/>
</kw>
<kw name="Append To File" owner="OperatingSystem">
<msg time="2025-07-18T09:37:23.029648" level="INFO" html="true">Appended to file '&lt;a href="file:///home/kalyani/Desktop/Desktop/nokia/django-robot-spanidea/robot-framework-automation/logs/custom_log_20250718_093720.log"&gt;/home/kalyani/Desktop/Desktop/nokia/django-robot-spanidea/robot-framework-automation/logs/custom_log_20250718_093720.log&lt;/a&gt;'.</msg>
<arg>${LOG_FILE}</arg>
<arg>[INFO][${timestamp}] ${message}\n</arg>
<doc>Appends the given content to the specified file.</doc>
<status status="PASS" start="2025-07-18T09:37:23.029413" elapsed="0.000282"/>
</kw>
<arg>Configured WiFi on RPi1</arg>
<status status="PASS" start="2025-07-18T09:37:23.028366" elapsed="0.001386"/>
</kw>
<kw name="Log To Console" owner="BuiltIn">
<arg>Configuring WiFi on RPi2 (${RPI2['ip']})</arg>
<doc>Logs the given message to the console.</doc>
<status status="PASS" start="2025-07-18T09:37:23.029901" elapsed="0.000430"/>
</kw>
<kw name="Log Message To Custom File" owner="common_keywords">
<kw name="Get Current Date" owner="common_keywords">
<kw name="Evaluate" owner="BuiltIn">
<msg time="2025-07-18T09:37:23.031533" level="INFO">${now} = 2025-07-18 09:37:23</msg>
<var>${now}</var>
<arg>__import__('datetime').datetime.now().strftime('${result_format}')</arg>
<arg>modules=datetime</arg>
<doc>Evaluates the given expression in Python and returns the result.</doc>
<status status="PASS" start="2025-07-18T09:37:23.031319" elapsed="0.000241"/>
</kw>
<return>
<value>${now}</value>
<status status="PASS" start="2025-07-18T09:37:23.031611" elapsed="0.000031"/>
</return>
<msg time="2025-07-18T09:37:23.031736" level="INFO">${timestamp} = 2025-07-18 09:37:23</msg>
<var>${timestamp}</var>
<arg>%Y-%m-%d %H:%M:%S</arg>
<status status="PASS" start="2025-07-18T09:37:23.030985" elapsed="0.000772"/>
</kw>
<kw name="Append To File" owner="OperatingSystem">
<msg time="2025-07-18T09:37:23.032069" level="INFO" html="true">Appended to file '&lt;a href="file:///home/kalyani/Desktop/Desktop/nokia/django-robot-spanidea/robot-framework-automation/logs/custom_log_20250718_093720.log"&gt;/home/kalyani/Desktop/Desktop/nokia/django-robot-spanidea/robot-framework-automation/logs/custom_log_20250718_093720.log&lt;/a&gt;'.</msg>
<arg>${LOG_FILE}</arg>
<arg>[INFO][${timestamp}] ${message}\n</arg>
<doc>Appends the given content to the specified file.</doc>
<status status="PASS" start="2025-07-18T09:37:23.031853" elapsed="0.000262"/>
</kw>
<arg>Configuring WiFi on RPi2 (${RPI2['ip']})</arg>
<status status="PASS" start="2025-07-18T09:37:23.030476" elapsed="0.001693"/>
</kw>
<kw name="Configure Rpi Static Ip And Wpa" owner="wifi_lan">
<kw name="Log Message To Custom File" owner="common_keywords">
<kw name="Get Current Date" owner="common_keywords">
<kw name="Evaluate" owner="BuiltIn">
<msg time="2025-07-18T09:37:23.613176" level="INFO">${now} = 2025-07-18 09:37:23</msg>
<var>${now}</var>
<arg>__import__('datetime').datetime.now().strftime('${result_format}')</arg>
<arg>modules=datetime</arg>
<doc>Evaluates the given expression in Python and returns the result.</doc>
<status status="PASS" start="2025-07-18T09:37:23.612911" elapsed="0.000299"/>
</kw>
<return>
<value>${now}</value>
<status status="PASS" start="2025-07-18T09:37:23.613292" elapsed="0.000041"/>
</return>
<msg time="2025-07-18T09:37:23.613443" level="INFO">${timestamp} = 2025-07-18 09:37:23</msg>
<var>${timestamp}</var>
<arg>%Y-%m-%d %H:%M:%S</arg>
<status status="PASS" start="2025-07-18T09:37:23.612665" elapsed="0.000801"/>
</kw>
<kw name="Append To File" owner="OperatingSystem">
<msg time="2025-07-18T09:37:23.613842" level="INFO" html="true">Appended to file '&lt;a href="file:///home/kalyani/Desktop/Desktop/nokia/django-robot-spanidea/robot-framework-automation/logs/custom_log_20250718_093720.log"&gt;/home/kalyani/Desktop/Desktop/nokia/django-robot-spanidea/robot-framework-automation/logs/custom_log_20250718_093720.log&lt;/a&gt;'.</msg>
<arg>${LOG_FILE}</arg>
<arg>[INFO][${timestamp}] ${message}\n</arg>
<doc>Appends the given content to the specified file.</doc>
<status status="PASS" start="2025-07-18T09:37:23.613573" elapsed="0.000327"/>
</kw>
<arg>Set static IP on RPi 192.168.201.41: 192.168.201.41</arg>
<status status="PASS" start="2025-07-18T09:37:23.612310" elapsed="0.001662"/>
</kw>
<kw name="Log Message To Custom File" owner="common_keywords">
<kw name="Get Current Date" owner="common_keywords">
<kw name="Evaluate" owner="BuiltIn">
<msg time="2025-07-18T09:37:23.685419" level="INFO">${now} = 2025-07-18 09:37:23</msg>
<var>${now}</var>
<arg>__import__('datetime').datetime.now().strftime('${result_format}')</arg>
<arg>modules=datetime</arg>
<doc>Evaluates the given expression in Python and returns the result.</doc>
<status status="PASS" start="2025-07-18T09:37:23.685141" elapsed="0.000314"/>
</kw>
<return>
<value>${now}</value>
<status status="PASS" start="2025-07-18T09:37:23.685528" elapsed="0.000048"/>
</return>
<msg time="2025-07-18T09:37:23.685686" level="INFO">${timestamp} = 2025-07-18 09:37:23</msg>
<var>${timestamp}</var>
<arg>%Y-%m-%d %H:%M:%S</arg>
<status status="PASS" start="2025-07-18T09:37:23.684886" elapsed="0.000823"/>
</kw>
<kw name="Append To File" owner="OperatingSystem">
<msg time="2025-07-18T09:37:23.686095" level="INFO" html="true">Appended to file '&lt;a href="file:///home/kalyani/Desktop/Desktop/nokia/django-robot-spanidea/robot-framework-automation/logs/custom_log_20250718_093720.log"&gt;/home/kalyani/Desktop/Desktop/nokia/django-robot-spanidea/robot-framework-automation/logs/custom_log_20250718_093720.log&lt;/a&gt;'.</msg>
<arg>${LOG_FILE}</arg>
<arg>[INFO][${timestamp}] ${message}\n</arg>
<doc>Appends the given content to the specified file.</doc>
<status status="PASS" start="2025-07-18T09:37:23.685823" elapsed="0.000325"/>
</kw>
<arg>WPA supplicant configured with SSID 'OpenWrt-Naresh', encryption 'wpa2'</arg>
<status status="PASS" start="2025-07-18T09:37:23.684488" elapsed="0.001731"/>
</kw>
<kw name="Log Message To Custom File" owner="common_keywords">
<kw name="Get Current Date" owner="common_keywords">
<kw name="Evaluate" owner="BuiltIn">
<msg time="2025-07-18T09:37:23.780356" level="INFO">${now} = 2025-07-18 09:37:23</msg>
<var>${now}</var>
<arg>__import__('datetime').datetime.now().strftime('${result_format}')</arg>
<arg>modules=datetime</arg>
<doc>Evaluates the given expression in Python and returns the result.</doc>
<status status="PASS" start="2025-07-18T09:37:23.780089" elapsed="0.000446"/>
</kw>
<return>
<value>${now}</value>
<status status="PASS" start="2025-07-18T09:37:23.780625" elapsed="0.000046"/>
</return>
<msg time="2025-07-18T09:37:23.780793" level="INFO">${timestamp} = 2025-07-18 09:37:23</msg>
<var>${timestamp}</var>
<arg>%Y-%m-%d %H:%M:%S</arg>
<status status="PASS" start="2025-07-18T09:37:23.779672" elapsed="0.001144"/>
</kw>
<kw name="Append To File" owner="OperatingSystem">
<msg time="2025-07-18T09:37:23.781176" level="INFO" html="true">Appended to file '&lt;a href="file:///home/kalyani/Desktop/Desktop/nokia/django-robot-spanidea/robot-framework-automation/logs/custom_log_20250718_093720.log"&gt;/home/kalyani/Desktop/Desktop/nokia/django-robot-spanidea/robot-framework-automation/logs/custom_log_20250718_093720.log&lt;/a&gt;'.</msg>
<arg>${LOG_FILE}</arg>
<arg>[INFO][${timestamp}] ${message}\n</arg>
<doc>Appends the given content to the specified file.</doc>
<status status="PASS" start="2025-07-18T09:37:23.780925" elapsed="0.000301"/>
</kw>
<arg>Reconfigured WiFi and restarted dhcpcd on 192.168.201.41</arg>
<status status="PASS" start="2025-07-18T09:37:23.779314" elapsed="0.001969"/>
</kw>
<arg>${RPI2['ip']}</arg>
<arg>${RPI2['user']}</arg>
<arg>${RPI2['password']}</arg>
<arg>${RPI2['ip']}</arg>
<arg>${SSID}</arg>
<arg>${PSK}</arg>
<arg>${ENCRYPTION}</arg>
<status status="PASS" start="2025-07-18T09:37:23.032280" elapsed="0.749106"/>
</kw>
<kw name="Log To Console" owner="BuiltIn">
<arg>Configured WiFi on RPi2</arg>
<doc>Logs the given message to the console.</doc>
<status status="PASS" start="2025-07-18T09:37:23.781541" elapsed="0.000109"/>
</kw>
<kw name="Log Message To Custom File" owner="common_keywords">
<kw name="Get Current Date" owner="common_keywords">
<kw name="Evaluate" owner="BuiltIn">
<msg time="2025-07-18T09:37:23.782398" level="INFO">${now} = 2025-07-18 09:37:23</msg>
<var>${now}</var>
<arg>__import__('datetime').datetime.now().strftime('${result_format}')</arg>
<arg>modules=datetime</arg>
<doc>Evaluates the given expression in Python and returns the result.</doc>
<status status="PASS" start="2025-07-18T09:37:23.782181" elapsed="0.000241"/>
</kw>
<return>
<value>${now}</value>
<status status="PASS" start="2025-07-18T09:37:23.782468" elapsed="0.000030"/>
</return>
<msg time="2025-07-18T09:37:23.782590" level="INFO">${timestamp} = 2025-07-18 09:37:23</msg>
<var>${timestamp}</var>
<arg>%Y-%m-%d %H:%M:%S</arg>
<status status="PASS" start="2025-07-18T09:37:23.781997" elapsed="0.000614"/>
</kw>
<kw name="Append To File" owner="OperatingSystem">
<msg time="2025-07-18T09:37:23.782927" level="INFO" html="true">Appended to file '&lt;a href="file:///home/kalyani/Desktop/Desktop/nokia/django-robot-spanidea/robot-framework-automation/logs/custom_log_20250718_093720.log"&gt;/home/kalyani/Desktop/Desktop/nokia/django-robot-spanidea/robot-framework-automation/logs/custom_log_20250718_093720.log&lt;/a&gt;'.</msg>
<arg>${LOG_FILE}</arg>
<arg>[INFO][${timestamp}] ${message}\n</arg>
<doc>Appends the given content to the specified file.</doc>
<status status="PASS" start="2025-07-18T09:37:23.782698" elapsed="0.000277"/>
</kw>
<arg>Configured WiFi on RPi2</arg>
<status status="PASS" start="2025-07-18T09:37:23.781779" elapsed="0.001258"/>
</kw>
<kw name="Sleep" owner="BuiltIn">
<msg time="2025-07-18T09:37:25.783389" level="INFO">Slept 2 seconds.</msg>
<arg>2s</arg>
<doc>Pauses the test executed for the given time.</doc>
<status status="PASS" start="2025-07-18T09:37:23.783147" elapsed="2.000361"/>
</kw>
<kw name="Log To Console" owner="BuiltIn">
<arg>Waited 15s for WiFi to stabilize</arg>
<doc>Logs the given message to the console.</doc>
<status status="PASS" start="2025-07-18T09:37:25.783743" elapsed="0.000203"/>
</kw>
<kw name="Log Message To Custom File" owner="common_keywords">
<kw name="Get Current Date" owner="common_keywords">
<kw name="Evaluate" owner="BuiltIn">
<msg time="2025-07-18T09:37:25.784854" level="INFO">${now} = 2025-07-18 09:37:25</msg>
<var>${now}</var>
<arg>__import__('datetime').datetime.now().strftime('${result_format}')</arg>
<arg>modules=datetime</arg>
<doc>Evaluates the given expression in Python and returns the result.</doc>
<status status="PASS" start="2025-07-18T09:37:25.784587" elapsed="0.000296"/>
</kw>
<return>
<value>${now}</value>
<status status="PASS" start="2025-07-18T09:37:25.784944" elapsed="0.000041"/>
</return>
<msg time="2025-07-18T09:37:25.785094" level="INFO">${timestamp} = 2025-07-18 09:37:25</msg>
<var>${timestamp}</var>
<arg>%Y-%m-%d %H:%M:%S</arg>
<status status="PASS" start="2025-07-18T09:37:25.784384" elapsed="0.000732"/>
</kw>
<kw name="Append To File" owner="OperatingSystem">
<msg time="2025-07-18T09:37:25.785473" level="INFO" html="true">Appended to file '&lt;a href="file:///home/kalyani/Desktop/Desktop/nokia/django-robot-spanidea/robot-framework-automation/logs/custom_log_20250718_093720.log"&gt;/home/kalyani/Desktop/Desktop/nokia/django-robot-spanidea/robot-framework-automation/logs/custom_log_20250718_093720.log&lt;/a&gt;'.</msg>
<arg>${LOG_FILE}</arg>
<arg>[INFO][${timestamp}] ${message}\n</arg>
<doc>Appends the given content to the specified file.</doc>
<status status="PASS" start="2025-07-18T09:37:25.785214" elapsed="0.000309"/>
</kw>
<arg>Waited 15s for WiFi to stabilize</arg>
<status status="PASS" start="2025-07-18T09:37:25.784123" elapsed="0.001461"/>
</kw>
<kw name="Ensure Iperf3 Installed" owner="wifi_lan">
<kw name="Log Message To Custom File" owner="common_keywords">
<kw name="Get Current Date" owner="common_keywords">
<kw name="Evaluate" owner="BuiltIn">
<msg time="2025-07-18T09:37:29.446822" level="INFO">${now} = 2025-07-18 09:37:29</msg>
<var>${now}</var>
<arg>__import__('datetime').datetime.now().strftime('${result_format}')</arg>
<arg>modules=datetime</arg>
<doc>Evaluates the given expression in Python and returns the result.</doc>
<status status="PASS" start="2025-07-18T09:37:29.446543" elapsed="0.000313"/>
</kw>
<return>
<value>${now}</value>
<status status="PASS" start="2025-07-18T09:37:29.446921" elapsed="0.000040"/>
</return>
<msg time="2025-07-18T09:37:29.447065" level="INFO">${timestamp} = 2025-07-18 09:37:29</msg>
<var>${timestamp}</var>
<arg>%Y-%m-%d %H:%M:%S</arg>
<status status="PASS" start="2025-07-18T09:37:29.446303" elapsed="0.000784"/>
</kw>
<kw name="Append To File" owner="OperatingSystem">
<msg time="2025-07-18T09:37:29.447531" level="INFO" html="true">Appended to file '&lt;a href="file:///home/kalyani/Desktop/Desktop/nokia/django-robot-spanidea/robot-framework-automation/logs/custom_log_20250718_093720.log"&gt;/home/kalyani/Desktop/Desktop/nokia/django-robot-spanidea/robot-framework-automation/logs/custom_log_20250718_093720.log&lt;/a&gt;'.</msg>
<arg>${LOG_FILE}</arg>
<arg>[INFO][${timestamp}] ${message}\n</arg>
<doc>Appends the given content to the specified file.</doc>
<status status="PASS" start="2025-07-18T09:37:29.447191" elapsed="0.000426"/>
</kw>
<arg>iperf3 already installed on 192.168.201.38</arg>
<status status="PASS" start="2025-07-18T09:37:29.445796" elapsed="0.001897"/>
</kw>
<arg>${RPI1['ip']}</arg>
<arg>${RPI1['user']}</arg>
<arg>${RPI1['password']}</arg>
<status status="PASS" start="2025-07-18T09:37:25.785729" elapsed="3.662080"/>
</kw>
<kw name="Ensure Iperf3 Installed" owner="wifi_lan">
<kw name="Log Message To Custom File" owner="common_keywords">
<kw name="Get Current Date" owner="common_keywords">
<kw name="Evaluate" owner="BuiltIn">
<msg time="2025-07-18T09:37:30.126450" level="INFO">${now} = 2025-07-18 09:37:30</msg>
<var>${now}</var>
<arg>__import__('datetime').datetime.now().strftime('${result_format}')</arg>
<arg>modules=datetime</arg>
<doc>Evaluates the given expression in Python and returns the result.</doc>
<status status="PASS" start="2025-07-18T09:37:30.126166" elapsed="0.000317"/>
</kw>
<return>
<value>${now}</value>
<status status="PASS" start="2025-07-18T09:37:30.126551" elapsed="0.000040"/>
</return>
<msg time="2025-07-18T09:37:30.126887" level="INFO">${timestamp} = 2025-07-18 09:37:30</msg>
<var>${timestamp}</var>
<arg>%Y-%m-%d %H:%M:%S</arg>
<status status="PASS" start="2025-07-18T09:37:30.125920" elapsed="0.000996"/>
</kw>
<kw name="Append To File" owner="OperatingSystem">
<msg time="2025-07-18T09:37:30.127372" level="INFO" html="true">Appended to file '&lt;a href="file:///home/kalyani/Desktop/Desktop/nokia/django-robot-spanidea/robot-framework-automation/logs/custom_log_20250718_093720.log"&gt;/home/kalyani/Desktop/Desktop/nokia/django-robot-spanidea/robot-framework-automation/logs/custom_log_20250718_093720.log&lt;/a&gt;'.</msg>
<arg>${LOG_FILE}</arg>
<arg>[INFO][${timestamp}] ${message}\n</arg>
<doc>Appends the given content to the specified file.</doc>
<status status="PASS" start="2025-07-18T09:37:30.127043" elapsed="0.000386"/>
</kw>
<arg>iperf3 already installed on 192.168.201.41</arg>
<status status="PASS" start="2025-07-18T09:37:30.125489" elapsed="0.002005"/>
</kw>
<arg>${RPI2['ip']}</arg>
<arg>${RPI2['user']}</arg>
<arg>${RPI2['password']}</arg>
<status status="PASS" start="2025-07-18T09:37:29.447956" elapsed="0.679648"/>
</kw>
<kw name="Log Message To Custom File" owner="common_keywords">
<kw name="Get Current Date" owner="common_keywords">
<kw name="Evaluate" owner="BuiltIn">
<msg time="2025-07-18T09:37:30.128544" level="INFO">${now} = 2025-07-18 09:37:30</msg>
<var>${now}</var>
<arg>__import__('datetime').datetime.now().strftime('${result_format}')</arg>
<arg>modules=datetime</arg>
<doc>Evaluates the given expression in Python and returns the result.</doc>
<status status="PASS" start="2025-07-18T09:37:30.128282" elapsed="0.000292"/>
</kw>
<return>
<value>${now}</value>
<status status="PASS" start="2025-07-18T09:37:30.128632" elapsed="0.000037"/>
</return>
<msg time="2025-07-18T09:37:30.128767" level="INFO">${timestamp} = 2025-07-18 09:37:30</msg>
<var>${timestamp}</var>
<arg>%Y-%m-%d %H:%M:%S</arg>
<status status="PASS" start="2025-07-18T09:37:30.128059" elapsed="0.000739"/>
</kw>
<kw name="Append To File" owner="OperatingSystem">
<msg time="2025-07-18T09:37:30.129226" level="INFO" html="true">Appended to file '&lt;a href="file:///home/kalyani/Desktop/Desktop/nokia/django-robot-spanidea/robot-framework-automation/logs/custom_log_20250718_093720.log"&gt;/home/kalyani/Desktop/Desktop/nokia/django-robot-spanidea/robot-framework-automation/logs/custom_log_20250718_093720.log&lt;/a&gt;'.</msg>
<arg>${LOG_FILE}</arg>
<arg>[INFO][${timestamp}] ${message}\n</arg>
<doc>Appends the given content to the specified file.</doc>
<status status="PASS" start="2025-07-18T09:37:30.128914" elapsed="0.000364"/>
</kw>
<arg>iperf3 installed on both RPis</arg>
<status status="PASS" start="2025-07-18T09:37:30.127803" elapsed="0.001537"/>
</kw>
<kw name="Log To Console" owner="BuiltIn">
<arg>Capturing baseline system stats from OpenWRT</arg>
<doc>Logs the given message to the console.</doc>
<status status="PASS" start="2025-07-18T09:37:30.129477" elapsed="0.000113"/>
</kw>
<kw name="Log Message To Custom File" owner="common_keywords">
<kw name="Get Current Date" owner="common_keywords">
<kw name="Evaluate" owner="BuiltIn">
<msg time="2025-07-18T09:37:30.131213" level="INFO">${now} = 2025-07-18 09:37:30</msg>
<var>${now}</var>
<arg>__import__('datetime').datetime.now().strftime('${result_format}')</arg>
<arg>modules=datetime</arg>
<doc>Evaluates the given expression in Python and returns the result.</doc>
<status status="PASS" start="2025-07-18T09:37:30.130908" elapsed="0.000345"/>
</kw>
<return>
<value>${now}</value>
<status status="PASS" start="2025-07-18T09:37:30.131315" elapsed="0.000040"/>
</return>
<msg time="2025-07-18T09:37:30.131462" level="INFO">${timestamp} = 2025-07-18 09:37:30</msg>
<var>${timestamp}</var>
<arg>%Y-%m-%d %H:%M:%S</arg>
<status status="PASS" start="2025-07-18T09:37:30.130645" elapsed="0.000839"/>
</kw>
<kw name="Append To File" owner="OperatingSystem">
<msg time="2025-07-18T09:37:30.131859" level="INFO" html="true">Appended to file '&lt;a href="file:///home/kalyani/Desktop/Desktop/nokia/django-robot-spanidea/robot-framework-automation/logs/custom_log_20250718_093720.log"&gt;/home/kalyani/Desktop/Desktop/nokia/django-robot-spanidea/robot-framework-automation/logs/custom_log_20250718_093720.log&lt;/a&gt;'.</msg>
<arg>${LOG_FILE}</arg>
<arg>[INFO][${timestamp}] ${message}\n</arg>
<doc>Appends the given content to the specified file.</doc>
<status status="PASS" start="2025-07-18T09:37:30.131581" elapsed="0.000329"/>
</kw>
<arg>Capturing baseline system stats from OpenWRT</arg>
<status status="PASS" start="2025-07-18T09:37:30.129724" elapsed="0.002245"/>
</kw>
<kw name="Capture Baseline System Stats" owner="wifi_lan">
<kw name="Log Message To Custom File" owner="common_keywords">
<kw name="Get Current Date" owner="common_keywords">
<kw name="Evaluate" owner="BuiltIn">
<msg time="2025-07-18T09:37:30.134205" level="INFO">${now} = 2025-07-18 09:37:30</msg>
<var>${now}</var>
<arg>__import__('datetime').datetime.now().strftime('${result_format}')</arg>
<arg>modules=datetime</arg>
<doc>Evaluates the given expression in Python and returns the result.</doc>
<status status="PASS" start="2025-07-18T09:37:30.133813" elapsed="0.000440"/>
</kw>
<return>
<value>${now}</value>
<status status="PASS" start="2025-07-18T09:37:30.134355" elapsed="0.000063"/>
</return>
<msg time="2025-07-18T09:37:30.134589" level="INFO">${timestamp} = 2025-07-18 09:37:30</msg>
<var>${timestamp}</var>
<arg>%Y-%m-%d %H:%M:%S</arg>
<status status="PASS" start="2025-07-18T09:37:30.133519" elapsed="0.001110"/>
</kw>
<kw name="Append To File" owner="OperatingSystem">
<msg time="2025-07-18T09:37:30.135274" level="INFO" html="true">Appended to file '&lt;a href="file:///home/kalyani/Desktop/Desktop/nokia/django-robot-spanidea/robot-framework-automation/logs/custom_log_20250718_093720.log"&gt;/home/kalyani/Desktop/Desktop/nokia/django-robot-spanidea/robot-framework-automation/logs/custom_log_20250718_093720.log&lt;/a&gt;'.</msg>
<arg>${LOG_FILE}</arg>
<arg>[INFO][${timestamp}] ${message}\n</arg>
<doc>Appends the given content to the specified file.</doc>
<status status="PASS" start="2025-07-18T09:37:30.134828" elapsed="0.000516"/>
</kw>
<arg>Capturing baseline system stats</arg>
<status status="PASS" start="2025-07-18T09:37:30.133167" elapsed="0.002252"/>
</kw>
<kw name="Log Message To Custom File" owner="common_keywords">
<kw name="Get Current Date" owner="common_keywords">
<kw name="Evaluate" owner="BuiltIn">
<msg time="2025-07-18T09:37:30.490059" level="INFO">${now} = 2025-07-18 09:37:30</msg>
<var>${now}</var>
<arg>__import__('datetime').datetime.now().strftime('${result_format}')</arg>
<arg>modules=datetime</arg>
<doc>Evaluates the given expression in Python and returns the result.</doc>
<status status="PASS" start="2025-07-18T09:37:30.489779" elapsed="0.000313"/>
</kw>
<return>
<value>${now}</value>
<status status="PASS" start="2025-07-18T09:37:30.490157" elapsed="0.000039"/>
</return>
<msg time="2025-07-18T09:37:30.490310" level="INFO">${timestamp} = 2025-07-18 09:37:30</msg>
<var>${timestamp}</var>
<arg>%Y-%m-%d %H:%M:%S</arg>
<status status="PASS" start="2025-07-18T09:37:30.489559" elapsed="0.000772"/>
</kw>
<kw name="Append To File" owner="OperatingSystem">
<msg time="2025-07-18T09:37:30.490774" level="INFO" html="true">Appended to file '&lt;a href="file:///home/kalyani/Desktop/Desktop/nokia/django-robot-spanidea/robot-framework-automation/logs/custom_log_20250718_093720.log"&gt;/home/kalyani/Desktop/Desktop/nokia/django-robot-spanidea/robot-framework-automation/logs/custom_log_20250718_093720.log&lt;/a&gt;'.</msg>
<arg>${LOG_FILE}</arg>
<arg>[INFO][${timestamp}] ${message}\n</arg>
<doc>Appends the given content to the specified file.</doc>
<status status="PASS" start="2025-07-18T09:37:30.490435" elapsed="0.000410"/>
</kw>
<arg>
$ free -m
              total        used        free      shared  buff/cache   available
Mem:        3906768      159408     3639916         364      107444     3686292
Swap:             0           0           0

$ cat /proc/interrupts
           CPU0       CPU1       CPU2       CPU3       
 11:    2926431    2998047    2812437    2749053     GICv2  30 Level     arch_timer
 19:         18          0          0          0     GICv2  75 Level     fsl-ifc
 20:          5          0          0          0     GICv2 131 Level     1550000.spi
 21:     380982          0          0          0     GICv2  94 Level     mmc0
 23:          0          0          0          0     GICv2  77 Level     bman-err, qman-err, fman-err
 24:      12677          0          0          0     GICv2 204 Level     QMan portal 0
 25:          0       5639          0          0     GICv2 206 Level     QMan portal 1
 26:          0          0       5858          0     GICv2 208 Level     QMan portal 2
 27:          0          0          0       6474     GICv2 210 Level     QMan portal 3
 34:          0          0          0          0     GICv2 205 Level     BMan portal 0
 35:          0          0          0          0     GICv2 207 Level     BMan portal 1
 36:          0          0          0          0     GICv2 209 Level     BMan portal 2
 37:          0          0          0          0     GICv2 211 Level     BMan portal 3
 45:        785          0          0          0     GICv2  88 Level     2180000.i2c
 46:         14          0          0          0     GICv2  86 Level     ttyS0
 48:          0          0          0          0     GICv2  98 Level     gpio-cascade
 49:          0          0          0          0     GICv2  99 Level     gpio-cascade
 50:          0          0          0          0     GICv2 100 Level     gpio-cascade
 51:          0          0          0          0     GICv2 166 Level     gpio-cascade
 52:          0          0          0          0     GICv2 115 Level     2ad0000.watchdog
 53:          0          0          0          0     GICv2 135 Level     eDMA
 54:          0          0          0          0     GICv2  92 Level     xhci-hcd:usb1
 55:          0          0          0          0     GICv2  93 Level     xhci-hcd:usb3
 56:          0          0          0          0     GICv2  95 Level     xhci-hcd:usb5
 79:          0          0          0          0     GICv2 118 Level     29d0000.timer
 80:          0          0          0          0     GICv2  76 Level     fman, ptp_qoriq
 81:          0          0          0          0     GICv2 152 Level     PCIe PME, aerdrv
 82:          0          0          0          0     GICv2 186 Level     PCIe PME, aerdrv
 83:        898          0          0          0     GICv2 103 Level     1710000.jr
 84:          0          0          0          0     GICv2 104 Level     1720000.jr
 85:          0          0          0          0     GICv2 105 Level     1730000.jr
 86:    1909628          0          0          0       MSI 134742016 Edge      ath10k_pci
IPI0:    117773     130483     122833     248766       Rescheduling interrupts
IPI1:   2425329    3066383    2752468    2577537       Function call interrupts
IPI2:         0          0          0          0       CPU stop interrupts
IPI3:         0          0          0          0       CPU stop (for crash dump) interrupts
IPI4:         0          0          0          0       Timer broadcast interrupts
IPI5:    116223     108792      78555      76252       IRQ work interrupts
IPI6:         0          0          0          0       CPU wake-up interrupts
Err:          0

$ top -bn1 | head -20
Mem: 266856K used, 3639912K free, 364K shrd, 15968K buff, 75436K cached
CPU:   0% usr   4% sys   0% nic  95% idle   0% io   0% irq   0% sirq
Load average: 0.22 0.12 0.09 2/152 29703
  PID  PPID USER     STAT   VSZ %VSZ %CPU COMMAND
 4697     1 network  S    16344   0%   2% /usr/sbin/ldpd -d -F traditional -A 127.0.0.1
 4645     1 network  S    24880   1%   0% /usr/sbin/bgpd -d -F traditional -A 127.0.0.1
 4632     1 network  S    24472   1%   0% /usr/sbin/zebra -d -F traditional -A 127.0.0.1 -s 90000000
 4640     1 network  S    21664   1%   0% /usr/sbin/mgmtd -d -F traditional -A 127.0.0.1
 4673     1 network  S    19432   0%   0% /usr/sbin/pimd -d -F traditional -A 127.0.0.1
 4655     1 network  S    18988   0%   0% /usr/sbin/ospfd -d -F traditional -A 127.0.0.1
 4667     1 network  S    18772   0%   0% /usr/sbin/isisd -d -F traditional -A 127.0.0.1
 4661     1 network  S    18544   0%   0% /usr/sbin/ospf6d -d -F traditional -A ::1
 4710     1 network  S    15992   0%   0% /usr/sbin/bfdd -d -F traditional -A 127.0.0.1
 4704     1 network  S    15760   0%   0% /usr/sbin/staticd -d -F traditional -A 127.0.0.1
 4696     1 network  S    15724   0%   0% /usr/sbin/ldpd -E -u network -g network
 4695     1 network  S    15700   0%   0% /usr/sbin/ldpd -L -u network -g network
 4581     1 root     S    13792   0%   0% /usr/sbin/watchfrr -d -F traditional zebra mgmtd bgpd ospfd ospf6d isisd pimd ldpd staticd bfdd
 3332  3325 network  S     4516   0%   0% /usr/sbin/hostapd -s -g /var/run/hostapd/global
 3333  3326 network  S     4220   0%   0% /usr/sbin/wpa_supplicant -n -s -g /var/run/wpa_supplicant/global
 3015     1 root     S     3732   0%   0% /sbin/rpcd -s /var/run/ubus/ubus.sock -t 30
</arg>
<status status="PASS" start="2025-07-18T09:37:30.489216" elapsed="0.001695"/>
</kw>
<arg>${OPENWRT['ip']}</arg>
<arg>${OPENWRT['user']}</arg>
<arg>${OPENWRT['password']}</arg>
<status status="PASS" start="2025-07-18T09:37:30.132094" elapsed="0.627051"/>
</kw>
<kw name="Log To Console" owner="BuiltIn">
<arg>Starting iperf3 servers</arg>
<doc>Logs the given message to the console.</doc>
<status status="PASS" start="2025-07-18T09:37:30.759540" elapsed="0.000289"/>
</kw>
<kw name="Log Message To Custom File" owner="common_keywords">
<kw name="Get Current Date" owner="common_keywords">
<kw name="Evaluate" owner="BuiltIn">
<msg time="2025-07-18T09:37:30.761137" level="INFO">${now} = 2025-07-18 09:37:30</msg>
<var>${now}</var>
<arg>__import__('datetime').datetime.now().strftime('${result_format}')</arg>
<arg>modules=datetime</arg>
<doc>Evaluates the given expression in Python and returns the result.</doc>
<status status="PASS" start="2025-07-18T09:37:30.760885" elapsed="0.000280"/>
</kw>
<return>
<value>${now}</value>
<status status="PASS" start="2025-07-18T09:37:30.761221" elapsed="0.000038"/>
</return>
<msg time="2025-07-18T09:37:30.761414" level="INFO">${timestamp} = 2025-07-18 09:37:30</msg>
<var>${timestamp}</var>
<arg>%Y-%m-%d %H:%M:%S</arg>
<status status="PASS" start="2025-07-18T09:37:30.760644" elapsed="0.000794"/>
</kw>
<kw name="Append To File" owner="OperatingSystem">
<msg time="2025-07-18T09:37:30.761819" level="INFO" html="true">Appended to file '&lt;a href="file:///home/kalyani/Desktop/Desktop/nokia/django-robot-spanidea/robot-framework-automation/logs/custom_log_20250718_093720.log"&gt;/home/kalyani/Desktop/Desktop/nokia/django-robot-spanidea/robot-framework-automation/logs/custom_log_20250718_093720.log&lt;/a&gt;'.</msg>
<arg>${LOG_FILE}</arg>
<arg>[INFO][${timestamp}] ${message}\n</arg>
<doc>Appends the given content to the specified file.</doc>
<status status="PASS" start="2025-07-18T09:37:30.761540" elapsed="0.000333"/>
</kw>
<arg>Starting iperf3 servers</arg>
<status status="PASS" start="2025-07-18T09:37:30.760124" elapsed="0.001809"/>
</kw>
<kw name="Start Iperf Server" owner="wifi_lan">
<kw name="Log Message To Custom File" owner="common_keywords">
<kw name="Get Current Date" owner="common_keywords">
<kw name="Evaluate" owner="BuiltIn">
<msg time="2025-07-18T09:37:31.144535" level="INFO">${now} = 2025-07-18 09:37:31</msg>
<var>${now}</var>
<arg>__import__('datetime').datetime.now().strftime('${result_format}')</arg>
<arg>modules=datetime</arg>
<doc>Evaluates the given expression in Python and returns the result.</doc>
<status status="PASS" start="2025-07-18T09:37:31.144236" elapsed="0.000333"/>
</kw>
<return>
<value>${now}</value>
<status status="PASS" start="2025-07-18T09:37:31.144637" elapsed="0.000041"/>
</return>
<msg time="2025-07-18T09:37:31.144793" level="INFO">${timestamp} = 2025-07-18 09:37:31</msg>
<var>${timestamp}</var>
<arg>%Y-%m-%d %H:%M:%S</arg>
<status status="PASS" start="2025-07-18T09:37:31.143988" elapsed="0.000886"/>
</kw>
<kw name="Append To File" owner="OperatingSystem">
<msg time="2025-07-18T09:37:31.145273" level="INFO" html="true">Appended to file '&lt;a href="file:///home/kalyani/Desktop/Desktop/nokia/django-robot-spanidea/robot-framework-automation/logs/custom_log_20250718_093720.log"&gt;/home/kalyani/Desktop/Desktop/nokia/django-robot-spanidea/robot-framework-automation/logs/custom_log_20250718_093720.log&lt;/a&gt;'.</msg>
<arg>${LOG_FILE}</arg>
<arg>[INFO][${timestamp}] ${message}\n</arg>
<doc>Appends the given content to the specified file.</doc>
<status status="PASS" start="2025-07-18T09:37:31.145000" elapsed="0.000332"/>
</kw>
<arg>Started iperf3 server on 192.168.201.38:5201</arg>
<status status="PASS" start="2025-07-18T09:37:31.143532" elapsed="0.001872"/>
</kw>
<arg>${RPI1['ip']}</arg>
<arg>${RPI1['user']}</arg>
<arg>${RPI1['password']}</arg>
<arg>5201</arg>
<status status="PASS" start="2025-07-18T09:37:30.762069" elapsed="0.383501"/>
</kw>
<kw name="Start Iperf Server" owner="wifi_lan">
<kw name="Log Message To Custom File" owner="common_keywords">
<kw name="Get Current Date" owner="common_keywords">
<kw name="Evaluate" owner="BuiltIn">
<msg time="2025-07-18T09:37:31.853467" level="INFO">${now} = 2025-07-18 09:37:31</msg>
<var>${now}</var>
<arg>__import__('datetime').datetime.now().strftime('${result_format}')</arg>
<arg>modules=datetime</arg>
<doc>Evaluates the given expression in Python and returns the result.</doc>
<status status="PASS" start="2025-07-18T09:37:31.853190" elapsed="0.000309"/>
</kw>
<return>
<value>${now}</value>
<status status="PASS" start="2025-07-18T09:37:31.853565" elapsed="0.000040"/>
</return>
<msg time="2025-07-18T09:37:31.853709" level="INFO">${timestamp} = 2025-07-18 09:37:31</msg>
<var>${timestamp}</var>
<arg>%Y-%m-%d %H:%M:%S</arg>
<status status="PASS" start="2025-07-18T09:37:31.852958" elapsed="0.000774"/>
</kw>
<kw name="Append To File" owner="OperatingSystem">
<msg time="2025-07-18T09:37:31.854100" level="INFO" html="true">Appended to file '&lt;a href="file:///home/kalyani/Desktop/Desktop/nokia/django-robot-spanidea/robot-framework-automation/logs/custom_log_20250718_093720.log"&gt;/home/kalyani/Desktop/Desktop/nokia/django-robot-spanidea/robot-framework-automation/logs/custom_log_20250718_093720.log&lt;/a&gt;'.</msg>
<arg>${LOG_FILE}</arg>
<arg>[INFO][${timestamp}] ${message}\n</arg>
<doc>Appends the given content to the specified file.</doc>
<status status="PASS" start="2025-07-18T09:37:31.853842" elapsed="0.000312"/>
</kw>
<arg>Started iperf3 server on 192.168.201.41:5202</arg>
<status status="PASS" start="2025-07-18T09:37:31.852588" elapsed="0.001628"/>
</kw>
<arg>${RPI2['ip']}</arg>
<arg>${RPI2['user']}</arg>
<arg>${RPI2['password']}</arg>
<arg>5202</arg>
<status status="PASS" start="2025-07-18T09:37:31.145748" elapsed="0.708590"/>
</kw>
<kw name="Log To Console" owner="BuiltIn">
<arg>iperf3 servers started</arg>
<doc>Logs the given message to the console.</doc>
<status status="PASS" start="2025-07-18T09:37:31.854478" elapsed="0.000108"/>
</kw>
<kw name="Log Message To Custom File" owner="common_keywords">
<kw name="Get Current Date" owner="common_keywords">
<kw name="Evaluate" owner="BuiltIn">
<msg time="2025-07-18T09:37:31.855346" level="INFO">${now} = 2025-07-18 09:37:31</msg>
<var>${now}</var>
<arg>__import__('datetime').datetime.now().strftime('${result_format}')</arg>
<arg>modules=datetime</arg>
<doc>Evaluates the given expression in Python and returns the result.</doc>
<status status="PASS" start="2025-07-18T09:37:31.855122" elapsed="0.000260"/>
</kw>
<return>
<value>${now}</value>
<status status="PASS" start="2025-07-18T09:37:31.855434" elapsed="0.000035"/>
</return>
<msg time="2025-07-18T09:37:31.855564" level="INFO">${timestamp} = 2025-07-18 09:37:31</msg>
<var>${timestamp}</var>
<arg>%Y-%m-%d %H:%M:%S</arg>
<status status="PASS" start="2025-07-18T09:37:31.854933" elapsed="0.000652"/>
</kw>
<kw name="Append To File" owner="OperatingSystem">
<msg time="2025-07-18T09:37:31.855908" level="INFO" html="true">Appended to file '&lt;a href="file:///home/kalyani/Desktop/Desktop/nokia/django-robot-spanidea/robot-framework-automation/logs/custom_log_20250718_093720.log"&gt;/home/kalyani/Desktop/Desktop/nokia/django-robot-spanidea/robot-framework-automation/logs/custom_log_20250718_093720.log&lt;/a&gt;'.</msg>
<arg>${LOG_FILE}</arg>
<arg>[INFO][${timestamp}] ${message}\n</arg>
<doc>Appends the given content to the specified file.</doc>
<status status="PASS" start="2025-07-18T09:37:31.855675" elapsed="0.000279"/>
</kw>
<arg>iperf3 servers started</arg>
<status status="PASS" start="2025-07-18T09:37:31.854713" elapsed="0.001296"/>
</kw>
<kw name="Log To Console" owner="BuiltIn">
<arg>Starting resource monitoring on OpenWRT</arg>
<doc>Logs the given message to the console.</doc>
<status status="PASS" start="2025-07-18T09:37:31.856124" elapsed="0.000101"/>
</kw>
<kw name="Log Message To Custom File" owner="common_keywords">
<kw name="Get Current Date" owner="common_keywords">
<kw name="Evaluate" owner="BuiltIn">
<msg time="2025-07-18T09:37:31.856935" level="INFO">${now} = 2025-07-18 09:37:31</msg>
<var>${now}</var>
<arg>__import__('datetime').datetime.now().strftime('${result_format}')</arg>
<arg>modules=datetime</arg>
<doc>Evaluates the given expression in Python and returns the result.</doc>
<status status="PASS" start="2025-07-18T09:37:31.856730" elapsed="0.000229"/>
</kw>
<return>
<value>${now}</value>
<status status="PASS" start="2025-07-18T09:37:31.857006" elapsed="0.000030"/>
</return>
<msg time="2025-07-18T09:37:31.857126" level="INFO">${timestamp} = 2025-07-18 09:37:31</msg>
<var>${timestamp}</var>
<arg>%Y-%m-%d %H:%M:%S</arg>
<status status="PASS" start="2025-07-18T09:37:31.856547" elapsed="0.000600"/>
</kw>
<kw name="Append To File" owner="OperatingSystem">
<msg time="2025-07-18T09:37:31.857577" level="INFO" html="true">Appended to file '&lt;a href="file:///home/kalyani/Desktop/Desktop/nokia/django-robot-spanidea/robot-framework-automation/logs/custom_log_20250718_093720.log"&gt;/home/kalyani/Desktop/Desktop/nokia/django-robot-spanidea/robot-framework-automation/logs/custom_log_20250718_093720.log&lt;/a&gt;'.</msg>
<arg>${LOG_FILE}</arg>
<arg>[INFO][${timestamp}] ${message}\n</arg>
<doc>Appends the given content to the specified file.</doc>
<status status="PASS" start="2025-07-18T09:37:31.857243" elapsed="0.000389"/>
</kw>
<arg>Starting resource monitoring on OpenWRT</arg>
<status status="PASS" start="2025-07-18T09:37:31.856346" elapsed="0.001351"/>
</kw>
<kw name="Start Monitoring During Iperf" owner="wifi_lan">
<kw name="Log Message To Custom File" owner="common_keywords">
<kw name="Get Current Date" owner="common_keywords">
<kw name="Evaluate" owner="BuiltIn">
<msg time="2025-07-18T09:37:31.859685" level="INFO">${now} = 2025-07-18 09:37:31</msg>
<var>${now}</var>
<arg>__import__('datetime').datetime.now().strftime('${result_format}')</arg>
<arg>modules=datetime</arg>
<doc>Evaluates the given expression in Python and returns the result.</doc>
<status status="PASS" start="2025-07-18T09:37:31.859365" elapsed="0.000354"/>
</kw>
<return>
<value>${now}</value>
<status status="PASS" start="2025-07-18T09:37:31.859798" elapsed="0.000048"/>
</return>
<msg time="2025-07-18T09:37:31.859974" level="INFO">${timestamp} = 2025-07-18 09:37:31</msg>
<var>${timestamp}</var>
<arg>%Y-%m-%d %H:%M:%S</arg>
<status status="PASS" start="2025-07-18T09:37:31.859124" elapsed="0.000884"/>
</kw>
<kw name="Append To File" owner="OperatingSystem">
<msg time="2025-07-18T09:37:31.860678" level="INFO" html="true">Appended to file '&lt;a href="file:///home/kalyani/Desktop/Desktop/nokia/django-robot-spanidea/robot-framework-automation/logs/custom_log_20250718_093720.log"&gt;/home/kalyani/Desktop/Desktop/nokia/django-robot-spanidea/robot-framework-automation/logs/custom_log_20250718_093720.log&lt;/a&gt;'.</msg>
<arg>${LOG_FILE}</arg>
<arg>[INFO][${timestamp}] ${message}\n</arg>
<doc>Appends the given content to the specified file.</doc>
<status status="PASS" start="2025-07-18T09:37:31.860163" elapsed="0.000576"/>
</kw>
<arg>Starting monitoring during iperf</arg>
<status status="PASS" start="2025-07-18T09:37:31.858843" elapsed="0.002002"/>
</kw>
<arg>${OPENWRT['ip']}</arg>
<arg>${OPENWRT['user']}</arg>
<arg>${OPENWRT['password']}</arg>
<status status="PASS" start="2025-07-18T09:37:31.857833" elapsed="0.003254"/>
</kw>
<kw name="Log To Console" owner="BuiltIn">
<arg>Starting bidirectional iperf3 clients</arg>
<doc>Logs the given message to the console.</doc>
<status status="PASS" start="2025-07-18T09:37:31.861267" elapsed="0.000162"/>
</kw>
<kw name="Log Message To Custom File" owner="common_keywords">
<kw name="Get Current Date" owner="common_keywords">
<kw name="Evaluate" owner="BuiltIn">
<msg time="2025-07-18T09:37:31.862396" level="INFO">${now} = 2025-07-18 09:37:31</msg>
<var>${now}</var>
<arg>__import__('datetime').datetime.now().strftime('${result_format}')</arg>
<arg>modules=datetime</arg>
<doc>Evaluates the given expression in Python and returns the result.</doc>
<status status="PASS" start="2025-07-18T09:37:31.862157" elapsed="0.000266"/>
</kw>
<return>
<value>${now}</value>
<status status="PASS" start="2025-07-18T09:37:31.862474" elapsed="0.000039"/>
</return>
<msg time="2025-07-18T09:37:31.862610" level="INFO">${timestamp} = 2025-07-18 09:37:31</msg>
<var>${timestamp}</var>
<arg>%Y-%m-%d %H:%M:%S</arg>
<status status="PASS" start="2025-07-18T09:37:31.861941" elapsed="0.000691"/>
</kw>
<kw name="Append To File" owner="OperatingSystem">
<msg time="2025-07-18T09:37:31.863274" level="INFO" html="true">Appended to file '&lt;a href="file:///home/kalyani/Desktop/Desktop/nokia/django-robot-spanidea/robot-framework-automation/logs/custom_log_20250718_093720.log"&gt;/home/kalyani/Desktop/Desktop/nokia/django-robot-spanidea/robot-framework-automation/logs/custom_log_20250718_093720.log&lt;/a&gt;'.</msg>
<arg>${LOG_FILE}</arg>
<arg>[INFO][${timestamp}] ${message}\n</arg>
<doc>Appends the given content to the specified file.</doc>
<status status="PASS" start="2025-07-18T09:37:31.862726" elapsed="0.000634"/>
</kw>
<arg>Starting bidirectional iperf3 clients</arg>
<status status="PASS" start="2025-07-18T09:37:31.861627" elapsed="0.001827"/>
</kw>
<kw name="Start Iperf Client Parallel" owner="wifi_lan">
<arg>${RPI1['ip']}</arg>
<arg>${RPI1['user']}</arg>
<arg>${RPI1['password']}</arg>
<arg>${RPI2['ip']}</arg>
<arg>${DURATION}</arg>
<arg>${BANDWIDTH}</arg>
<arg>5202</arg>
<status status="PASS" start="2025-07-18T09:37:31.863640" elapsed="0.002176"/>
</kw>
<kw name="Start Iperf Client Parallel" owner="wifi_lan">
<arg>${RPI2['ip']}</arg>
<arg>${RPI2['user']}</arg>
<arg>${RPI2['password']}</arg>
<arg>${RPI1['ip']}</arg>
<arg>${DURATION}</arg>
<arg>${BANDWIDTH}</arg>
<arg>5201</arg>
<status status="PASS" start="2025-07-18T09:37:31.866032" elapsed="0.002975"/>
</kw>
<kw name="Wait For All Iperf Clients" owner="wifi_lan">
<kw name="Log Message To Custom File" owner="common_keywords">
<kw name="Get Current Date" owner="common_keywords">
<kw name="Evaluate" owner="BuiltIn">
<msg time="2025-07-18T09:37:32.140442" level="INFO">${now} = 2025-07-18 09:37:32</msg>
<var>${now}</var>
<arg>__import__('datetime').datetime.now().strftime('${result_format}')</arg>
<arg>modules=datetime</arg>
<doc>Evaluates the given expression in Python and returns the result.</doc>
<status status="PASS" start="2025-07-18T09:37:32.139806" elapsed="0.000710"/>
</kw>
<return>
<value>${now}</value>
<status status="PASS" start="2025-07-18T09:37:32.140666" elapsed="0.000092"/>
</return>
<msg time="2025-07-18T09:37:32.141053" level="INFO">${timestamp} = 2025-07-18 09:37:32</msg>
<var>${timestamp}</var>
<arg>%Y-%m-%d %H:%M:%S</arg>
<status status="PASS" start="2025-07-18T09:37:32.139175" elapsed="0.001938"/>
</kw>
<kw name="Append To File" owner="OperatingSystem">
<arg>${LOG_FILE}</arg>
<arg>[INFO][${timestamp}] ${message}\n</arg>
<doc>Appends the given content to the specified file.</doc>
<status status="PASS" start="2025-07-18T09:37:32.141365" elapsed="0.001829"/>
</kw>
<arg>Running iperf3 client from 192.168.201.38 to 192.168.201.41:5202 in background</arg>
<status status="PASS" start="2025-07-18T09:37:32.138303" elapsed="0.005120"/>
</kw>
<kw name="Log Message To Custom File" owner="common_keywords">
<kw name="Get Current Date" owner="common_keywords">
<kw name="Evaluate" owner="BuiltIn">
<msg time="2025-07-18T09:37:32.145164" level="INFO">${now} = 2025-07-18 09:37:32</msg>
<var>${now}</var>
<arg>__import__('datetime').datetime.now().strftime('${result_format}')</arg>
<arg>modules=datetime</arg>
<doc>Evaluates the given expression in Python and returns the result.</doc>
<status status="PASS" start="2025-07-18T09:37:32.144902" elapsed="0.000294"/>
</kw>
<return>
<value>${now}</value>
<status status="PASS" start="2025-07-18T09:37:32.145258" elapsed="0.000041"/>
</return>
<msg time="2025-07-18T09:37:32.145401" level="INFO">${timestamp} = 2025-07-18 09:37:32</msg>
<var>${timestamp}</var>
<arg>%Y-%m-%d %H:%M:%S</arg>
<status status="PASS" start="2025-07-18T09:37:32.144655" elapsed="0.000768"/>
</kw>
<kw name="Append To File" owner="OperatingSystem">
<kw name="Log Message To Custom File" owner="common_keywords">
<kw name="Get Current Date" owner="common_keywords">
<kw name="Evaluate" owner="BuiltIn">
<msg time="2025-07-18T09:37:32.147023" level="INFO">${now} = 2025-07-18 09:37:32</msg>
<var>${now}</var>
<arg>__import__('datetime').datetime.now().strftime('${result_format}')</arg>
<arg>modules=datetime</arg>
<doc>Evaluates the given expression in Python and returns the result.</doc>
<status status="PASS" start="2025-07-18T09:37:32.146771" elapsed="0.000282"/>
</kw>
<return>
<value>${now}</value>
<status status="PASS" start="2025-07-18T09:37:32.147108" elapsed="0.000035"/>
</return>
<msg time="2025-07-18T09:37:32.147260" level="INFO">${timestamp} = 2025-07-18 09:37:32</msg>
<var>${timestamp}</var>
<arg>%Y-%m-%d %H:%M:%S</arg>
<status status="PASS" start="2025-07-18T09:37:32.146433" elapsed="0.000848"/>
</kw>
<kw name="Append To File" owner="OperatingSystem">
<arg>${LOG_FILE}</arg>
<arg>[INFO][${timestamp}] ${message}\n</arg>
<doc>Appends the given content to the specified file.</doc>
<status status="PASS" start="2025-07-18T09:37:32.145521" elapsed="0.002243"/>
</kw>
<arg>[2025-07-18 09:37:32] ➜ Started iperf3 client from 192.168.201.38 to 192.168.201.41:5202</arg>
<status status="PASS" start="2025-07-18T09:37:32.144132" elapsed="0.003706"/>
</kw>
<arg>${LOG_FILE}</arg>
<arg>[INFO][${timestamp}] ${message}\n</arg>
<doc>Appends the given content to the specified file.</doc>
<status status="PASS" start="2025-07-18T09:37:32.147394" elapsed="0.000744"/>
</kw>
<arg>Running iperf3 client from 192.168.201.41 to 192.168.201.38:5201 in background</arg>
[...]
</kw>
<arg>All iperf3 clients finished</arg>
<status status="PASS" start="2025-07-18T09:37:52.470654" elapsed="0.001473"/>
</kw>
<status status="PASS" start="2025-07-18T09:37:31.870509" elapsed="20.601689"/>
</kw>
<kw name="Log To Console" owner="BuiltIn">
<arg>All iperf3 clients finished</arg>
<doc>Logs the given message to the console.</doc>
<status status="PASS" start="2025-07-18T09:37:52.472316" elapsed="0.000103"/>
</kw>
<kw name="Log Message To Custom File" owner="common_keywords">
<kw name="Get Current Date" owner="common_keywords">
<kw name="Evaluate" owner="BuiltIn">
<msg time="2025-07-18T09:37:52.473250" level="INFO">${now} = 2025-07-18 09:37:52</msg>
<var>${now}</var>
<arg>__import__('datetime').datetime.now().strftime('${result_format}')</arg>
<arg>modules=datetime</arg>
<doc>Evaluates the given expression in Python and returns the result.</doc>
<status status="PASS" start="2025-07-18T09:37:52.472995" elapsed="0.000286"/>
</kw>
<return>
<value>${now}</value>
<status status="PASS" start="2025-07-18T09:37:52.473339" elapsed="0.000038"/>
</return>
<msg time="2025-07-18T09:37:52.473480" level="INFO">${timestamp} = 2025-07-18 09:37:52</msg>
<var>${timestamp}</var>
<arg>%Y-%m-%d %H:%M:%S</arg>
<status status="PASS" start="2025-07-18T09:37:52.472764" elapsed="0.000740"/>
</kw>
<kw name="Append To File" owner="OperatingSystem">
<msg time="2025-07-18T09:37:52.473892" level="INFO" html="true">Appended to file '&lt;a href="file:///home/kalyani/Desktop/Desktop/nokia/django-robot-spanidea/robot-framework-automation/logs/custom_log_20250718_093720.log"&gt;/home/kalyani/Desktop/Desktop/nokia/django-robot-spanidea/robot-framework-automation/logs/custom_log_20250718_093720.log&lt;/a&gt;'.</msg>
<arg>${LOG_FILE}</arg>
<arg>[INFO][${timestamp}] ${message}\n</arg>
<doc>Appends the given content to the specified file.</doc>
<status status="PASS" start="2025-07-18T09:37:52.473601" elapsed="0.000373"/>
</kw>
<arg>All iperf3 clients finished</arg>
<status status="PASS" start="2025-07-18T09:37:52.472542" elapsed="0.001514"/>
</kw>
<kw name="Stop Monitoring" owner="wifi_lan">
<kw name="Log Message To Custom File" owner="common_keywords">
<kw name="Get Current Date" owner="common_keywords">
<kw name="Evaluate" owner="BuiltIn">
<msg time="2025-07-18T09:37:52.803587" level="INFO">${now} = 2025-07-18 09:37:52</msg>
<var>${now}</var>
<arg>__import__('datetime').datetime.now().strftime('${result_format}')</arg>
<arg>modules=datetime</arg>
<doc>Evaluates the given expression in Python and returns the result.</doc>
<status status="PASS" start="2025-07-18T09:37:52.803291" elapsed="0.000327"/>
</kw>
<return>
<value>${now}</value>
<status status="PASS" start="2025-07-18T09:37:52.803685" elapsed="0.000041"/>
</return>
<msg time="2025-07-18T09:37:52.803851" level="INFO">${timestamp} = 2025-07-18 09:37:52</msg>
<var>${timestamp}</var>
<arg>%Y-%m-%d %H:%M:%S</arg>
<status status="PASS" start="2025-07-18T09:37:52.803030" elapsed="0.000844"/>
</kw>
<kw name="Append To File" owner="OperatingSystem">
<arg>${LOG_FILE}</arg>
<arg>[INFO][${timestamp}] ${message}\n</arg>
<doc>Appends the given content to the specified file.</doc>
<status status="PASS" start="2025-07-18T09:37:52.803982" elapsed="0.000381"/>
</kw>
<arg>✅ Monitoring finished after duration</arg>
<status status="PASS" start="2025-07-18T09:37:52.802587" elapsed="0.001849"/>
</kw>
<kw name="Log Message To Custom File" owner="common_keywords">
<kw name="Get Current Date" owner="common_keywords">
<kw name="Evaluate" owner="BuiltIn">
<msg time="2025-07-18T09:37:52.805402" level="INFO">${now} = 2025-07-18 09:37:52</msg>
<var>${now}</var>
<arg>__import__('datetime').datetime.now().strftime('${result_format}')</arg>
<arg>modules=datetime</arg>
<doc>Evaluates the given expression in Python and returns the result.</doc>
<status status="PASS" start="2025-07-18T09:37:52.805172" elapsed="0.000260"/>
</kw>
<return>
<value>${now}</value>
<status status="PASS" start="2025-07-18T09:37:52.805487" elapsed="0.000032"/>
</return>
<msg time="2025-07-18T09:37:52.805612" level="INFO">${timestamp} = 2025-07-18 09:37:52</msg>
<var>${timestamp}</var>
<arg>%Y-%m-%d %H:%M:%S</arg>
<status status="PASS" start="2025-07-18T09:37:52.804944" elapsed="0.000689"/>
</kw>
<kw name="Append To File" owner="OperatingSystem">
<msg time="2025-07-18T09:37:52.806022" level="INFO" html="true">Appended to file '&lt;a href="file:///home/kalyani/Desktop/Desktop/nokia/django-robot-spanidea/robot-framework-automation/logs/custom_log_20250718_093720.log"&gt;/home/kalyani/Desktop/Desktop/nokia/django-robot-spanidea/robot-framework-automation/logs/custom_log_20250718_093720.log&lt;/a&gt;'.</msg>
<arg>${LOG_FILE}</arg>
<arg>[INFO][${timestamp}] ${message}\n</arg>
<doc>Appends the given content to the specified file.</doc>
<status status="PASS" start="2025-07-18T09:37:52.805723" elapsed="0.000376"/>
</kw>
<arg> Monitoring stopped</arg>
<status status="PASS" start="2025-07-18T09:37:52.804658" elapsed="0.001527"/>
</kw>
<status status="PASS" start="2025-07-18T09:37:52.474201" elapsed="0.332078"/>
</kw>
<kw name="Log To Console" owner="BuiltIn">
<arg>Monitoring stopped</arg>
<doc>Logs the given message to the console.</doc>
<status status="PASS" start="2025-07-18T09:37:52.806465" elapsed="0.000195"/>
</kw>
<kw name="Log Message To Custom File" owner="common_keywords">
<kw name="Get Current Date" owner="common_keywords">
<kw name="Evaluate" owner="BuiltIn">
<msg time="2025-07-18T09:37:52.807895" level="INFO">${now} = 2025-07-18 09:37:52</msg>
<var>${now}</var>
<arg>__import__('datetime').datetime.now().strftime('${result_format}')</arg>
<arg>modules=datetime</arg>
<doc>Evaluates the given expression in Python and returns the result.</doc>
<status status="PASS" start="2025-07-18T09:37:52.807496" elapsed="0.000450"/>
</kw>
<return>
<value>${now}</value>
<status status="PASS" start="2025-07-18T09:37:52.808046" elapsed="0.000075"/>
</return>
<msg time="2025-07-18T09:37:52.808398" level="INFO">${timestamp} = 2025-07-18 09:37:52</msg>
<var>${timestamp}</var>
<arg>%Y-%m-%d %H:%M:%S</arg>
<status status="PASS" start="2025-07-18T09:37:52.807266" elapsed="0.001178"/>
</kw>
<kw name="Append To File" owner="OperatingSystem">
<msg time="2025-07-18T09:37:52.809182" level="INFO" html="true">Appended to file '&lt;a href="file:///home/kalyani/Desktop/Desktop/nokia/django-robot-spanidea/robot-framework-automation/logs/custom_log_20250718_093720.log"&gt;/home/kalyani/Desktop/Desktop/nokia/django-robot-spanidea/robot-framework-automation/logs/custom_log_20250718_093720.log&lt;/a&gt;'.</msg>
<arg>${LOG_FILE}</arg>
<arg>[INFO][${timestamp}] ${message}\n</arg>
<doc>Appends the given content to the specified file.</doc>
<status status="PASS" start="2025-07-18T09:37:52.808679" elapsed="0.000610"/>
</kw>
<arg>Monitoring stopped</arg>
<status status="PASS" start="2025-07-18T09:37:52.806939" elapsed="0.002471"/>
</kw>
<kw name="Log To Console" owner="BuiltIn">
<arg>Capturing post-test system stats</arg>
<doc>Logs the given message to the console.</doc>
<status status="PASS" start="2025-07-18T09:37:52.809614" elapsed="0.000195"/>
</kw>
<kw name="Log Message To Custom File" owner="common_keywords">
<kw name="Get Current Date" owner="common_keywords">
<kw name="Evaluate" owner="BuiltIn">
<msg time="2025-07-18T09:37:52.810731" level="INFO">${now} = 2025-07-18 09:37:52</msg>
<var>${now}</var>
<arg>__import__('datetime').datetime.now().strftime('${result_format}')</arg>
<arg>modules=datetime</arg>
<doc>Evaluates the given expression in Python and returns the result.</doc>
<status status="PASS" start="2025-07-18T09:37:52.810484" elapsed="0.000274"/>
</kw>
<return>
<value>${now}</value>
<status status="PASS" start="2025-07-18T09:37:52.810823" elapsed="0.000042"/>
</return>
<msg time="2025-07-18T09:37:52.811040" level="INFO">${timestamp} = 2025-07-18 09:37:52</msg>
<var>${timestamp}</var>
<arg>%Y-%m-%d %H:%M:%S</arg>
<status status="PASS" start="2025-07-18T09:37:52.810275" elapsed="0.000790"/>
</kw>
<kw name="Append To File" owner="OperatingSystem">
<msg time="2025-07-18T09:37:52.811441" level="INFO" html="true">Appended to file '&lt;a href="file:///home/kalyani/Desktop/Desktop/nokia/django-robot-spanidea/robot-framework-automation/logs/custom_log_20250718_093720.log"&gt;/home/kalyani/Desktop/Desktop/nokia/django-robot-spanidea/robot-framework-automation/logs/custom_log_20250718_093720.log&lt;/a&gt;'.</msg>
<arg>${LOG_FILE}</arg>
<arg>[INFO][${timestamp}] ${message}\n</arg>
<doc>Appends the given content to the specified file.</doc>
<status status="PASS" start="2025-07-18T09:37:52.811168" elapsed="0.000320"/>
</kw>
<arg>Capturing post-test system stats</arg>
<status status="PASS" start="2025-07-18T09:37:52.809995" elapsed="0.001551"/>
</kw>
<kw name="Capture Post Test System Stats" owner="wifi_lan">
<kw name="Log Message To Custom File" owner="common_keywords">
<kw name="Get Current Date" owner="common_keywords">
<kw name="Evaluate" owner="BuiltIn">
<msg time="2025-07-18T09:37:52.813524" level="INFO">${now} = 2025-07-18 09:37:52</msg>
<var>${now}</var>
<arg>__import__('datetime').datetime.now().strftime('${result_format}')</arg>
<arg>modules=datetime</arg>
<doc>Evaluates the given expression in Python and returns the result.</doc>
<status status="PASS" start="2025-07-18T09:37:52.813291" elapsed="0.000260"/>
</kw>
<return>
<value>${now}</value>
<status status="PASS" start="2025-07-18T09:37:52.813608" elapsed="0.000038"/>
</return>
<msg time="2025-07-18T09:37:52.813768" level="INFO">${timestamp} = 2025-07-18 09:37:52</msg>
<var>${timestamp}</var>
<arg>%Y-%m-%d %H:%M:%S</arg>
<status status="PASS" start="2025-07-18T09:37:52.813082" elapsed="0.000725"/>
</kw>
<kw name="Append To File" owner="OperatingSystem">
<msg time="2025-07-18T09:37:52.814388" level="INFO" html="true">Appended to file '&lt;a href="file:///home/kalyani/Desktop/Desktop/nokia/django-robot-spanidea/robot-framework-automation/logs/custom_log_20250718_093720.log"&gt;/home/kalyani/Desktop/Desktop/nokia/django-robot-spanidea/robot-framework-automation/logs/custom_log_20250718_093720.log&lt;/a&gt;'.</msg>
<arg>${LOG_FILE}</arg>
<arg>[INFO][${timestamp}] ${message}\n</arg>
<doc>Appends the given content to the specified file.</doc>
<status status="PASS" start="2025-07-18T09:37:52.814029" elapsed="0.000435"/>
</kw>
<arg>Capturing post-test system stats</arg>
<status status="PASS" start="2025-07-18T09:37:52.812637" elapsed="0.001902"/>
</kw>
<kw name="Log Message To Custom File" owner="common_keywords">
<kw name="Get Current Date" owner="common_keywords">
<kw name="Evaluate" owner="BuiltIn">
<msg time="2025-07-18T09:37:53.159724" level="INFO">${now} = 2025-07-18 09:37:53</msg>
<var>${now}</var>
<arg>__import__('datetime').datetime.now().strftime('${result_format}')</arg>
<arg>modules=datetime</arg>
<doc>Evaluates the given expression in Python and returns the result.</doc>
<status status="PASS" start="2025-07-18T09:37:53.159446" elapsed="0.000315"/>
</kw>
<return>
<value>${now}</value>
<status status="PASS" start="2025-07-18T09:37:53.159853" elapsed="0.000043"/>
</return>
<msg time="2025-07-18T09:37:53.160013" level="INFO">${timestamp} = 2025-07-18 09:37:53</msg>
<var>${timestamp}</var>
<arg>%Y-%m-%d %H:%M:%S</arg>
<status status="PASS" start="2025-07-18T09:37:53.159219" elapsed="0.000818"/>
</kw>
<kw name="Append To File" owner="OperatingSystem">
<msg time="2025-07-18T09:37:53.160592" level="INFO" html="true">Appended to file '&lt;a href="file:///home/kalyani/Desktop/Desktop/nokia/django-robot-spanidea/robot-framework-automation/logs/custom_log_20250718_093720.log"&gt;/home/kalyani/Desktop/Desktop/nokia/django-robot-spanidea/robot-framework-automation/logs/custom_log_20250718_093720.log&lt;/a&gt;'.</msg>
<arg>${LOG_FILE}</arg>
<arg>[INFO][${timestamp}] ${message}\n</arg>
<doc>Appends the given content to the specified file.</doc>
<status status="PASS" start="2025-07-18T09:37:53.160170" elapsed="0.000502"/>
</kw>
<arg>
$ free -m
              total        used        free      shared  buff/cache   available
Mem:        3906768      159712     3639596         364      107460     3685980
Swap:             0           0           0

$ cat /proc/interrupts
           CPU0       CPU1       CPU2       CPU3       
 11:    2928027    2999732    2813898    2750584     GICv2  30 Level     arch_timer
 19:         18          0          0          0     GICv2  75 Level     fsl-ifc
 20:          5          0          0          0     GICv2 131 Level     1550000.spi
 21:     381158          0          0          0     GICv2  94 Level     mmc0
 23:          0          0          0          0     GICv2  77 Level     bman-err, qman-err, fman-err
 24:      13082          0          0          0     GICv2 204 Level     QMan portal 0
 25:          0       5837          0          0     GICv2 206 Level     QMan portal 1
 26:          0          0       6010          0     GICv2 208 Level     QMan portal 2
 27:          0          0          0       6628     GICv2 210 Level     QMan portal 3
 34:          0          0          0          0     GICv2 205 Level     BMan portal 0
 35:          0          0          0          0     GICv2 207 Level     BMan portal 1
 36:          0          0          0          0     GICv2 209 Level     BMan portal 2
 37:          0          0          0          0     GICv2 211 Level     BMan portal 3
 45:        785          0          0          0     GICv2  88 Level     2180000.i2c
 46:         14          0          0          0     GICv2  86 Level     ttyS0
 48:          0          0          0          0     GICv2  98 Level     gpio-cascade
 49:          0          0          0          0     GICv2  99 Level     gpio-cascade
 50:          0          0          0          0     GICv2 100 Level     gpio-cascade
 51:          0          0          0          0     GICv2 166 Level     gpio-cascade
 52:          0          0          0          0     GICv2 115 Level     2ad0000.watchdog
 53:          0          0          0          0     GICv2 135 Level     eDMA
 54:          0          0          0          0     GICv2  92 Level     xhci-hcd:usb1
 55:          0          0          0          0     GICv2  93 Level     xhci-hcd:usb3
 56:          0          0          0          0     GICv2  95 Level     xhci-hcd:usb5
 79:          0          0          0          0     GICv2 118 Level     29d0000.timer
 80:          0          0          0          0     GICv2  76 Level     fman, ptp_qoriq
 81:          0          0          0          0     GICv2 152 Level     PCIe PME, aerdrv
 82:          0          0          0          0     GICv2 186 Level     PCIe PME, aerdrv
 83:        899          0          0          0     GICv2 103 Level     1710000.jr
 84:          0          0          0          0     GICv2 104 Level     1720000.jr
 85:          0          0          0          0     GICv2 105 Level     1730000.jr
 86:    1909797          0          0          0       MSI 134742016 Edge      ath10k_pci
IPI0:    117833     130569     122891     248896       Rescheduling interrupts
IPI1:   2426353    3067775    2753625    2578818       Function call interrupts
IPI2:         0          0          0          0       CPU stop interrupts
IPI3:         0          0          0          0       CPU stop (for crash dump) interrupts
IPI4:         0          0          0          0       Timer broadcast interrupts
IPI5:    116311     108878      78617      76330       IRQ work interrupts
IPI6:         0          0          0          0       CPU wake-up interrupts
Err:          0

$ top -bn1 | head -20
Mem: 266800K used, 3639968K free, 364K shrd, 15968K buff, 75436K cached
CPU:   0% usr   2% sys   0% nic  97% idle   0% io   0% irq   0% sirq
Load average: 0.16 0.11 0.09 2/152 29918
  PID  PPID USER     STAT   VSZ %VSZ %CPU COMMAND
 4645     1 network  S    24880   1%   0% /usr/sbin/bgpd -d -F traditional -A 127.0.0.1
 4632     1 network  S    24472   1%   0% /usr/sbin/zebra -d -F traditional -A 127.0.0.1 -s 90000000
 4640     1 network  S    21664   1%   0% /usr/sbin/mgmtd -d -F traditional -A 127.0.0.1
 4673     1 network  S    19432   0%   0% /usr/sbin/pimd -d -F traditional -A 127.0.0.1
 4655     1 network  S    18988   0%   0% /usr/sbin/ospfd -d -F traditional -A 127.0.0.1
 4667     1 network  S    18772   0%   0% /usr/sbin/isisd -d -F traditional -A 127.0.0.1
 4661     1 network  S    18544   0%   0% /usr/sbin/ospf6d -d -F traditional -A ::1
 4697     1 network  S    16344   0%   0% /usr/sbin/ldpd -d -F traditional -A 127.0.0.1
 4710     1 network  S    15992   0%   0% /usr/sbin/bfdd -d -F traditional -A 127.0.0.1
 4704     1 network  S    15744   0%   0% /usr/sbin/staticd -d -F traditional -A 127.0.0.1
 4696     1 network  S    15724   0%   0% /usr/sbin/ldpd -E -u network -g network
 4695     1 network  S    15700   0%   0% /usr/sbin/ldpd -L -u network -g network
 4581     1 root     S    13792   0%   0% /usr/sbin/watchfrr -d -F traditional zebra mgmtd bgpd ospfd ospf6d isisd pimd ldpd staticd bfdd
 3332  3325 network  S     4516   0%   0% /usr/sbin/hostapd -s -g /var/run/hostapd/global
 3333  3326 network  S     4220   0%   0% /usr/sbin/wpa_supplicant -n -s -g /var/run/wpa_supplicant/global
 3015     1 root     S     3732   0%   0% /sbin/rpcd -s /var/run/ubus/ubus.sock -t 30
</arg>
<status status="PASS" start="2025-07-18T09:37:53.158863" elapsed="0.001891"/>
</kw>
<arg>${OPENWRT['ip']}</arg>
<arg>${OPENWRT['user']}</arg>
<arg>${OPENWRT['password']}</arg>
<status status="PASS" start="2025-07-18T09:37:52.811695" elapsed="0.617625"/>
</kw>
<kw name="Log To Console" owner="BuiltIn">
<arg>==== Completed WiFi LAN RPi Performance Test ====</arg>
<doc>Logs the given message to the console.</doc>
<status status="PASS" start="2025-07-18T09:37:53.429649" elapsed="0.000222"/>
</kw>
<kw name="Log Message To Custom File" owner="common_keywords">
<kw name="Get Current Date" owner="common_keywords">
<kw name="Evaluate" owner="BuiltIn">
<msg time="2025-07-18T09:37:53.430950" level="INFO">${now} = 2025-07-18 09:37:53</msg>
<var>${now}</var>
<arg>__import__('datetime').datetime.now().strftime('${result_format}')</arg>
<arg>modules=datetime</arg>
<doc>Evaluates the given expression in Python and returns the result.</doc>
<status status="PASS" start="2025-07-18T09:37:53.430600" elapsed="0.000390"/>
</kw>
<return>
<value>${now}</value>
<status status="PASS" start="2025-07-18T09:37:53.431067" elapsed="0.000065"/>
</return>
<msg time="2025-07-18T09:37:53.431243" level="INFO">${timestamp} = 2025-07-18 09:37:53</msg>
<var>${timestamp}</var>
<arg>%Y-%m-%d %H:%M:%S</arg>
<status status="PASS" start="2025-07-18T09:37:53.430356" elapsed="0.000908"/>
</kw>
<kw name="Append To File" owner="OperatingSystem">
<msg time="2025-07-18T09:37:53.431663" level="INFO" html="true">Appended to file '&lt;a href="file:///home/kalyani/Desktop/Desktop/nokia/django-robot-spanidea/robot-framework-automation/logs/custom_log_20250718_093720.log"&gt;/home/kalyani/Desktop/Desktop/nokia/django-robot-spanidea/robot-framework-automation/logs/custom_log_20250718_093720.log&lt;/a&gt;'.</msg>
<arg>${LOG_FILE}</arg>
<arg>[INFO][${timestamp}] ${message}\n</arg>
<doc>Appends the given content to the specified file.</doc>
<status status="PASS" start="2025-07-18T09:37:53.431382" elapsed="0.000335"/>
</kw>
<arg>==== Completed WiFi LAN RPi Performance Test ====</arg>
<status status="PASS" start="2025-07-18T09:37:53.430060" elapsed="0.001729"/>
</kw>
<tag>BB-INT-WWAN-001</tag>
<status status="PASS" start="2025-07-18T09:37:20.609706" elapsed="32.822211"/>
</test>
<status status="PASS" start="2025-07-18T09:37:20.403007" elapsed="33.029236"/>
</suite>
<statistics>
<total>
<stat pass="1" fail="0" skip="0">All Tests</stat>
</total>
<tag>
<stat pass="1" fail="0" skip="0">BB-INT-WWAN-001</stat>
</tag>
<suite>
<stat name="Wifi Lan Rpi" id="s1" pass="1" fail="0" skip="0">Wifi Lan Rpi</stat>
</suite>
</statistics>
<errors>
</errors>
</robot>
